15/11/14 22:29:31 WARN NativeCodeLoader: Unable to load native-hadoop library for your platform... using builtin-java classes where applicable
15/11/14 22:29:32 WARN DomainSocketFactory: The short-circuit local reads feature cannot be used because libhadoop cannot be loaded.
15/11/14 22:29:52 INFO Client: Retrying connect to server: sandbox.hortonworks.com/192.168.1.144:8020. Already tried 0 time(s); maxRetries=45
15/11/14 22:30:03 WARN NativeCodeLoader: Unable to load native-hadoop library for your platform... using builtin-java classes where applicable
15/11/14 22:30:04 WARN DomainSocketFactory: The short-circuit local reads feature cannot be used because libhadoop cannot be loaded.
15/11/14 22:30:24 INFO Client: Retrying connect to server: sandbox.hortonworks.com/192.168.1.144:8020. Already tried 0 time(s); maxRetries=45
15/11/14 23:05:10 WARN NativeCodeLoader: Unable to load native-hadoop library for your platform... using builtin-java classes where applicable
15/11/14 23:05:11 WARN DomainSocketFactory: The short-circuit local reads feature cannot be used because libhadoop cannot be loaded.
15/11/14 23:05:28 WARN NativeCodeLoader: Unable to load native-hadoop library for your platform... using builtin-java classes where applicable
15/11/14 23:05:29 WARN DomainSocketFactory: The short-circuit local reads feature cannot be used because libhadoop cannot be loaded.
15/11/14 23:05:58 WARN NativeCodeLoader: Unable to load native-hadoop library for your platform... using builtin-java classes where applicable
15/11/14 23:08:37 WARN NativeCodeLoader: Unable to load native-hadoop library for your platform... using builtin-java classes where applicable
15/11/14 23:10:46 WARN NativeCodeLoader: Unable to load native-hadoop library for your platform... using builtin-java classes where applicable
15/11/14 23:11:18 WARN NativeCodeLoader: Unable to load native-hadoop library for your platform... using builtin-java classes where applicable
15/11/14 23:11:27 WARN NativeCodeLoader: Unable to load native-hadoop library for your platform... using builtin-java classes where applicable
15/11/14 23:11:28 WARN DomainSocketFactory: The short-circuit local reads feature cannot be used because libhadoop cannot be loaded.
15/11/14 23:16:38 WARN NativeCodeLoader: Unable to load native-hadoop library for your platform... using builtin-java classes where applicable
15/11/14 23:16:38 INFO RecoverableZooKeeper: Process identifier=hconnection-0x37918c79 connecting to ZooKeeper ensemble=localhost:2181
15/11/14 23:16:38 INFO ZooKeeper: Client environment:zookeeper.version=3.4.6-1569965, built on 02/20/2014 09:09 GMT
15/11/14 23:16:38 INFO ZooKeeper: Client environment:host.name=appletekiair
15/11/14 23:16:38 INFO ZooKeeper: Client environment:java.version=1.8.0_65
15/11/14 23:16:38 INFO ZooKeeper: Client environment:java.vendor=Oracle Corporation
15/11/14 23:16:38 INFO ZooKeeper: Client environment:java.home=/Library/Java/JavaVirtualMachines/jdk1.8.0_65.jdk/Contents/Home/jre
15/11/14 23:16:38 INFO ZooKeeper: Client environment:java.class.path=/Users/apple/git/sample-projects/hadoop-maven/target/classes:/Users/apple/.m2/repository/org/apache/hadoop/hadoop-client/2.7.1/hadoop-client-2.7.1.jar:/Users/apple/.m2/repository/org/apache/hadoop/hadoop-common/2.7.1/hadoop-common-2.7.1.jar:/Users/apple/.m2/repository/commons-cli/commons-cli/1.2/commons-cli-1.2.jar:/Users/apple/.m2/repository/org/apache/commons/commons-math3/3.1.1/commons-math3-3.1.1.jar:/Users/apple/.m2/repository/xmlenc/xmlenc/0.52/xmlenc-0.52.jar:/Users/apple/.m2/repository/commons-httpclient/commons-httpclient/3.1/commons-httpclient-3.1.jar:/Users/apple/.m2/repository/commons-net/commons-net/3.1/commons-net-3.1.jar:/Users/apple/.m2/repository/commons-collections/commons-collections/3.2.1/commons-collections-3.2.1.jar:/Users/apple/.m2/repository/javax/servlet/jsp/jsp-api/2.1/jsp-api-2.1.jar:/Users/apple/.m2/repository/log4j/log4j/1.2.17/log4j-1.2.17.jar:/Users/apple/.m2/repository/commons-configuration/commons-configuration/1.6/commons-configuration-1.6.jar:/Users/apple/.m2/repository/commons-digester/commons-digester/1.8/commons-digester-1.8.jar:/Users/apple/.m2/repository/commons-beanutils/commons-beanutils/1.7.0/commons-beanutils-1.7.0.jar:/Users/apple/.m2/repository/commons-beanutils/commons-beanutils-core/1.8.0/commons-beanutils-core-1.8.0.jar:/Users/apple/.m2/repository/org/slf4j/slf4j-api/1.7.10/slf4j-api-1.7.10.jar:/Users/apple/.m2/repository/org/slf4j/slf4j-log4j12/1.7.10/slf4j-log4j12-1.7.10.jar:/Users/apple/.m2/repository/org/codehaus/jackson/jackson-core-asl/1.9.13/jackson-core-asl-1.9.13.jar:/Users/apple/.m2/repository/org/apache/avro/avro/1.7.4/avro-1.7.4.jar:/Users/apple/.m2/repository/com/thoughtworks/paranamer/paranamer/2.3/paranamer-2.3.jar:/Users/apple/.m2/repository/org/xerial/snappy/snappy-java/1.0.4.1/snappy-java-1.0.4.1.jar:/Users/apple/.m2/repository/com/google/code/gson/gson/2.2.4/gson-2.2.4.jar:/Users/apple/.m2/repository/org/apache/curator/curator-client/2.7.1/curator-client-2.7.1.jar:/Users/apple/.m2/repository/org/apache/curator/curator-recipes/2.7.1/curator-recipes-2.7.1.jar:/Users/apple/.m2/repository/org/apache/curator/curator-framework/2.7.1/curator-framework-2.7.1.jar:/Users/apple/.m2/repository/com/google/code/findbugs/jsr305/3.0.0/jsr305-3.0.0.jar:/Users/apple/.m2/repository/org/apache/commons/commons-compress/1.4.1/commons-compress-1.4.1.jar:/Users/apple/.m2/repository/org/tukaani/xz/1.0/xz-1.0.jar:/Users/apple/.m2/repository/org/apache/hadoop/hadoop-hdfs/2.7.1/hadoop-hdfs-2.7.1.jar:/Users/apple/.m2/repository/org/mortbay/jetty/jetty-util/6.1.26/jetty-util-6.1.26.jar:/Users/apple/.m2/repository/xerces/xercesImpl/2.9.1/xercesImpl-2.9.1.jar:/Users/apple/.m2/repository/xml-apis/xml-apis/1.3.04/xml-apis-1.3.04.jar:/Users/apple/.m2/repository/org/fusesource/leveldbjni/leveldbjni-all/1.8/leveldbjni-all-1.8.jar:/Users/apple/.m2/repository/org/apache/hadoop/hadoop-mapreduce-client-app/2.7.1/hadoop-mapreduce-client-app-2.7.1.jar:/Users/apple/.m2/repository/org/apache/hadoop/hadoop-mapreduce-client-common/2.7.1/hadoop-mapreduce-client-common-2.7.1.jar:/Users/apple/.m2/repository/org/apache/hadoop/hadoop-yarn-client/2.7.1/hadoop-yarn-client-2.7.1.jar:/Users/apple/.m2/repository/org/apache/hadoop/hadoop-yarn-server-common/2.7.1/hadoop-yarn-server-common-2.7.1.jar:/Users/apple/.m2/repository/org/apache/hadoop/hadoop-mapreduce-client-shuffle/2.7.1/hadoop-mapreduce-client-shuffle-2.7.1.jar:/Users/apple/.m2/repository/org/apache/hadoop/hadoop-yarn-api/2.7.1/hadoop-yarn-api-2.7.1.jar:/Users/apple/.m2/repository/org/apache/hadoop/hadoop-mapreduce-client-core/2.7.1/hadoop-mapreduce-client-core-2.7.1.jar:/Users/apple/.m2/repository/org/apache/hadoop/hadoop-yarn-common/2.7.1/hadoop-yarn-common-2.7.1.jar:/Users/apple/.m2/repository/javax/xml/bind/jaxb-api/2.2.2/jaxb-api-2.2.2.jar:/Users/apple/.m2/repository/javax/xml/stream/stax-api/1.0-2/stax-api-1.0-2.jar:/Users/apple/.m2/repository/javax/activation/activation/1.1/activation-1.1.jar:/Users/apple/.m2/repository/javax/servlet/servlet-api/2.5/servlet-api-2.5.jar:/Users/apple/.m2/repository/com/sun/jersey/jersey-core/1.9/jersey-core-1.9.jar:/Users/apple/.m2/repository/com/sun/jersey/jersey-client/1.9/jersey-client-1.9.jar:/Users/apple/.m2/repository/org/codehaus/jackson/jackson-jaxrs/1.9.13/jackson-jaxrs-1.9.13.jar:/Users/apple/.m2/repository/org/codehaus/jackson/jackson-xc/1.9.13/jackson-xc-1.9.13.jar:/Users/apple/.m2/repository/org/apache/hadoop/hadoop-mapreduce-client-jobclient/2.7.1/hadoop-mapreduce-client-jobclient-2.7.1.jar:/Users/apple/.m2/repository/org/apache/hadoop/hadoop-annotations/2.7.1/hadoop-annotations-2.7.1.jar:/Users/apple/.m2/repository/org/apache/hbase/hbase-client/1.1.2/hbase-client-1.1.2.jar:/Users/apple/.m2/repository/org/apache/hbase/hbase-annotations/1.1.2/hbase-annotations-1.1.2.jar:/Library/Java/JavaVirtualMachines/jdk1.8.0_65.jdk/Contents/Home/lib/tools.jar:/Users/apple/.m2/repository/org/apache/hbase/hbase-common/1.1.2/hbase-common-1.1.2.jar:/Users/apple/.m2/repository/org/apache/hbase/hbase-protocol/1.1.2/hbase-protocol-1.1.2.jar:/Users/apple/.m2/repository/commons-codec/commons-codec/1.9/commons-codec-1.9.jar:/Users/apple/.m2/repository/commons-io/commons-io/2.4/commons-io-2.4.jar:/Users/apple/.m2/repository/commons-lang/commons-lang/2.6/commons-lang-2.6.jar:/Users/apple/.m2/repository/commons-logging/commons-logging/1.2/commons-logging-1.2.jar:/Users/apple/.m2/repository/com/google/guava/guava/12.0.1/guava-12.0.1.jar:/Users/apple/.m2/repository/com/google/protobuf/protobuf-java/2.5.0/protobuf-java-2.5.0.jar:/Users/apple/.m2/repository/io/netty/netty-all/4.0.23.Final/netty-all-4.0.23.Final.jar:/Users/apple/.m2/repository/org/apache/zookeeper/zookeeper/3.4.6/zookeeper-3.4.6.jar:/Users/apple/.m2/repository/org/apache/htrace/htrace-core/3.1.0-incubating/htrace-core-3.1.0-incubating.jar:/Users/apple/.m2/repository/org/codehaus/jackson/jackson-mapper-asl/1.9.13/jackson-mapper-asl-1.9.13.jar:/Users/apple/.m2/repository/org/jruby/jcodings/jcodings/1.0.8/jcodings-1.0.8.jar:/Users/apple/.m2/repository/org/jruby/joni/joni/2.1.2/joni-2.1.2.jar:/Users/apple/.m2/repository/org/apache/hadoop/hadoop-auth/2.5.1/hadoop-auth-2.5.1.jar:/Users/apple/.m2/repository/org/apache/httpcomponents/httpclient/4.2.5/httpclient-4.2.5.jar:/Users/apple/.m2/repository/org/apache/httpcomponents/httpcore/4.2.4/httpcore-4.2.4.jar:/Users/apple/.m2/repository/org/apache/directory/server/apacheds-kerberos-codec/2.0.0-M15/apacheds-kerberos-codec-2.0.0-M15.jar:/Users/apple/.m2/repository/org/apache/directory/server/apacheds-i18n/2.0.0-M15/apacheds-i18n-2.0.0-M15.jar:/Users/apple/.m2/repository/org/apache/directory/api/api-asn1-api/1.0.0-M20/api-asn1-api-1.0.0-M20.jar:/Users/apple/.m2/repository/org/apache/directory/api/api-util/1.0.0-M20/api-util-1.0.0-M20.jar:/Users/apple/.m2/repository/com/github/stephenc/findbugs/findbugs-annotations/1.3.9-1/findbugs-annotations-1.3.9-1.jar:/Users/apple/.m2/repository/junit/junit/4.11/junit-4.11.jar:/Users/apple/.m2/repository/org/hamcrest/hamcrest-core/1.3/hamcrest-core-1.3.jar
15/11/14 23:16:38 INFO ZooKeeper: Client environment:java.library.path=/Users/apple/Library/Java/Extensions:/Library/Java/Extensions:/Network/Library/Java/Extensions:/System/Library/Java/Extensions:/usr/lib/java:.
15/11/14 23:16:38 INFO ZooKeeper: Client environment:java.io.tmpdir=/var/folders/_7/gl3t7qxn7lsdl0593c9092rh0000gn/T/
15/11/14 23:16:38 INFO ZooKeeper: Client environment:java.compiler=<NA>
15/11/14 23:16:38 INFO ZooKeeper: Client environment:os.name=Mac OS X
15/11/14 23:16:38 INFO ZooKeeper: Client environment:os.arch=x86_64
15/11/14 23:16:38 INFO ZooKeeper: Client environment:os.version=10.11
15/11/14 23:16:38 INFO ZooKeeper: Client environment:user.name=apple
15/11/14 23:16:38 INFO ZooKeeper: Client environment:user.home=/Users/apple
15/11/14 23:16:38 INFO ZooKeeper: Client environment:user.dir=/Users/apple/git/sample-projects/hadoop-maven
15/11/14 23:16:38 INFO ZooKeeper: Initiating client connection, connectString=localhost:2181 sessionTimeout=180000 watcher=hconnection-0x37918c790x0, quorum=localhost:2181, baseZNode=/hbase
15/11/14 23:16:38 INFO ClientCnxn: Opening socket connection to server localhost/127.0.0.1:2181. Will not attempt to authenticate using SASL (unknown error)
15/11/14 23:16:38 WARN ClientCnxn: Session 0x0 for server null, unexpected error, closing socket connection and attempting reconnect
java.net.ConnectException: Connection refused
	at sun.nio.ch.SocketChannelImpl.checkConnect(Native Method)
	at sun.nio.ch.SocketChannelImpl.finishConnect(SocketChannelImpl.java:717)
	at org.apache.zookeeper.ClientCnxnSocketNIO.doTransport(ClientCnxnSocketNIO.java:361)
	at org.apache.zookeeper.ClientCnxn$SendThread.run(ClientCnxn.java:1081)
15/11/14 23:16:39 INFO ClientCnxn: Opening socket connection to server localhost/0:0:0:0:0:0:0:1:2181. Will not attempt to authenticate using SASL (unknown error)
15/11/14 23:16:39 WARN ClientCnxn: Session 0x0 for server null, unexpected error, closing socket connection and attempting reconnect
java.net.ConnectException: Connection refused
	at sun.nio.ch.SocketChannelImpl.checkConnect(Native Method)
	at sun.nio.ch.SocketChannelImpl.finishConnect(SocketChannelImpl.java:717)
	at org.apache.zookeeper.ClientCnxnSocketNIO.doTransport(ClientCnxnSocketNIO.java:361)
	at org.apache.zookeeper.ClientCnxn$SendThread.run(ClientCnxn.java:1081)
15/11/14 23:16:39 WARN RecoverableZooKeeper: Possibly transient ZooKeeper, quorum=localhost:2181, exception=org.apache.zookeeper.KeeperException$ConnectionLossException: KeeperErrorCode = ConnectionLoss for /hbase/hbaseid
15/11/14 23:16:40 INFO ClientCnxn: Opening socket connection to server localhost/127.0.0.1:2181. Will not attempt to authenticate using SASL (unknown error)
15/11/14 23:16:40 WARN ClientCnxn: Session 0x0 for server null, unexpected error, closing socket connection and attempting reconnect
java.net.ConnectException: Connection refused
	at sun.nio.ch.SocketChannelImpl.checkConnect(Native Method)
	at sun.nio.ch.SocketChannelImpl.finishConnect(SocketChannelImpl.java:717)
	at org.apache.zookeeper.ClientCnxnSocketNIO.doTransport(ClientCnxnSocketNIO.java:361)
	at org.apache.zookeeper.ClientCnxn$SendThread.run(ClientCnxn.java:1081)
15/11/14 23:16:40 WARN RecoverableZooKeeper: Possibly transient ZooKeeper, quorum=localhost:2181, exception=org.apache.zookeeper.KeeperException$ConnectionLossException: KeeperErrorCode = ConnectionLoss for /hbase/hbaseid
15/11/14 23:16:40 INFO ClientCnxn: Opening socket connection to server localhost/0:0:0:0:0:0:0:1:2181. Will not attempt to authenticate using SASL (unknown error)
15/11/14 23:16:40 WARN ClientCnxn: Session 0x0 for server null, unexpected error, closing socket connection and attempting reconnect
java.net.ConnectException: Connection refused
	at sun.nio.ch.SocketChannelImpl.checkConnect(Native Method)
	at sun.nio.ch.SocketChannelImpl.finishConnect(SocketChannelImpl.java:717)
	at org.apache.zookeeper.ClientCnxnSocketNIO.doTransport(ClientCnxnSocketNIO.java:361)
	at org.apache.zookeeper.ClientCnxn$SendThread.run(ClientCnxn.java:1081)
15/11/14 23:16:41 INFO ClientCnxn: Opening socket connection to server localhost/127.0.0.1:2181. Will not attempt to authenticate using SASL (unknown error)
15/11/14 23:16:41 WARN ClientCnxn: Session 0x0 for server null, unexpected error, closing socket connection and attempting reconnect
java.net.ConnectException: Connection refused
	at sun.nio.ch.SocketChannelImpl.checkConnect(Native Method)
	at sun.nio.ch.SocketChannelImpl.finishConnect(SocketChannelImpl.java:717)
	at org.apache.zookeeper.ClientCnxnSocketNIO.doTransport(ClientCnxnSocketNIO.java:361)
	at org.apache.zookeeper.ClientCnxn$SendThread.run(ClientCnxn.java:1081)
15/11/14 23:16:41 INFO ClientCnxn: Opening socket connection to server localhost/0:0:0:0:0:0:0:1:2181. Will not attempt to authenticate using SASL (unknown error)
15/11/14 23:16:41 WARN ClientCnxn: Session 0x0 for server null, unexpected error, closing socket connection and attempting reconnect
java.net.ConnectException: Connection refused
	at sun.nio.ch.SocketChannelImpl.checkConnect(Native Method)
	at sun.nio.ch.SocketChannelImpl.finishConnect(SocketChannelImpl.java:717)
	at org.apache.zookeeper.ClientCnxnSocketNIO.doTransport(ClientCnxnSocketNIO.java:361)
	at org.apache.zookeeper.ClientCnxn$SendThread.run(ClientCnxn.java:1081)
15/11/14 23:16:42 INFO ClientCnxn: Opening socket connection to server localhost/127.0.0.1:2181. Will not attempt to authenticate using SASL (unknown error)
15/11/14 23:16:42 WARN ClientCnxn: Session 0x0 for server null, unexpected error, closing socket connection and attempting reconnect
java.net.ConnectException: Connection refused
	at sun.nio.ch.SocketChannelImpl.checkConnect(Native Method)
	at sun.nio.ch.SocketChannelImpl.finishConnect(SocketChannelImpl.java:717)
	at org.apache.zookeeper.ClientCnxnSocketNIO.doTransport(ClientCnxnSocketNIO.java:361)
	at org.apache.zookeeper.ClientCnxn$SendThread.run(ClientCnxn.java:1081)
15/11/14 23:16:42 WARN RecoverableZooKeeper: Possibly transient ZooKeeper, quorum=localhost:2181, exception=org.apache.zookeeper.KeeperException$ConnectionLossException: KeeperErrorCode = ConnectionLoss for /hbase/hbaseid
15/11/14 23:16:42 INFO ClientCnxn: Opening socket connection to server localhost/0:0:0:0:0:0:0:1:2181. Will not attempt to authenticate using SASL (unknown error)
15/11/14 23:16:42 WARN ClientCnxn: Session 0x0 for server null, unexpected error, closing socket connection and attempting reconnect
java.net.ConnectException: Connection refused
	at sun.nio.ch.SocketChannelImpl.checkConnect(Native Method)
	at sun.nio.ch.SocketChannelImpl.finishConnect(SocketChannelImpl.java:717)
	at org.apache.zookeeper.ClientCnxnSocketNIO.doTransport(ClientCnxnSocketNIO.java:361)
	at org.apache.zookeeper.ClientCnxn$SendThread.run(ClientCnxn.java:1081)
15/11/14 23:16:43 INFO ClientCnxn: Opening socket connection to server localhost/127.0.0.1:2181. Will not attempt to authenticate using SASL (unknown error)
15/11/14 23:16:43 WARN ClientCnxn: Session 0x0 for server null, unexpected error, closing socket connection and attempting reconnect
java.net.ConnectException: Connection refused
	at sun.nio.ch.SocketChannelImpl.checkConnect(Native Method)
	at sun.nio.ch.SocketChannelImpl.finishConnect(SocketChannelImpl.java:717)
	at org.apache.zookeeper.ClientCnxnSocketNIO.doTransport(ClientCnxnSocketNIO.java:361)
	at org.apache.zookeeper.ClientCnxn$SendThread.run(ClientCnxn.java:1081)
15/11/14 23:16:43 INFO ClientCnxn: Opening socket connection to server localhost/0:0:0:0:0:0:0:1:2181. Will not attempt to authenticate using SASL (unknown error)
15/11/14 23:16:43 WARN ClientCnxn: Session 0x0 for server null, unexpected error, closing socket connection and attempting reconnect
java.net.ConnectException: Connection refused
	at sun.nio.ch.SocketChannelImpl.checkConnect(Native Method)
	at sun.nio.ch.SocketChannelImpl.finishConnect(SocketChannelImpl.java:717)
	at org.apache.zookeeper.ClientCnxnSocketNIO.doTransport(ClientCnxnSocketNIO.java:361)
	at org.apache.zookeeper.ClientCnxn$SendThread.run(ClientCnxn.java:1081)
15/11/14 23:16:44 INFO ClientCnxn: Opening socket connection to server localhost/127.0.0.1:2181. Will not attempt to authenticate using SASL (unknown error)
15/11/14 23:16:44 WARN ClientCnxn: Session 0x0 for server null, unexpected error, closing socket connection and attempting reconnect
java.net.ConnectException: Connection refused
	at sun.nio.ch.SocketChannelImpl.checkConnect(Native Method)
	at sun.nio.ch.SocketChannelImpl.finishConnect(SocketChannelImpl.java:717)
	at org.apache.zookeeper.ClientCnxnSocketNIO.doTransport(ClientCnxnSocketNIO.java:361)
	at org.apache.zookeeper.ClientCnxn$SendThread.run(ClientCnxn.java:1081)
15/11/14 23:16:45 INFO ClientCnxn: Opening socket connection to server localhost/0:0:0:0:0:0:0:1:2181. Will not attempt to authenticate using SASL (unknown error)
15/11/14 23:16:45 WARN ClientCnxn: Session 0x0 for server null, unexpected error, closing socket connection and attempting reconnect
java.net.ConnectException: Connection refused
	at sun.nio.ch.SocketChannelImpl.checkConnect(Native Method)
	at sun.nio.ch.SocketChannelImpl.finishConnect(SocketChannelImpl.java:717)
	at org.apache.zookeeper.ClientCnxnSocketNIO.doTransport(ClientCnxnSocketNIO.java:361)
	at org.apache.zookeeper.ClientCnxn$SendThread.run(ClientCnxn.java:1081)
15/11/14 23:16:46 INFO ClientCnxn: Opening socket connection to server localhost/127.0.0.1:2181. Will not attempt to authenticate using SASL (unknown error)
15/11/14 23:16:46 WARN ClientCnxn: Session 0x0 for server null, unexpected error, closing socket connection and attempting reconnect
java.net.ConnectException: Connection refused
	at sun.nio.ch.SocketChannelImpl.checkConnect(Native Method)
	at sun.nio.ch.SocketChannelImpl.finishConnect(SocketChannelImpl.java:717)
	at org.apache.zookeeper.ClientCnxnSocketNIO.doTransport(ClientCnxnSocketNIO.java:361)
	at org.apache.zookeeper.ClientCnxn$SendThread.run(ClientCnxn.java:1081)
15/11/14 23:16:46 INFO ClientCnxn: Opening socket connection to server localhost/0:0:0:0:0:0:0:1:2181. Will not attempt to authenticate using SASL (unknown error)
15/11/14 23:16:46 WARN ClientCnxn: Session 0x0 for server null, unexpected error, closing socket connection and attempting reconnect
java.net.ConnectException: Connection refused
	at sun.nio.ch.SocketChannelImpl.checkConnect(Native Method)
	at sun.nio.ch.SocketChannelImpl.finishConnect(SocketChannelImpl.java:717)
	at org.apache.zookeeper.ClientCnxnSocketNIO.doTransport(ClientCnxnSocketNIO.java:361)
	at org.apache.zookeeper.ClientCnxn$SendThread.run(ClientCnxn.java:1081)
15/11/14 23:16:47 INFO ClientCnxn: Opening socket connection to server localhost/127.0.0.1:2181. Will not attempt to authenticate using SASL (unknown error)
15/11/14 23:16:47 WARN ClientCnxn: Session 0x0 for server null, unexpected error, closing socket connection and attempting reconnect
java.net.ConnectException: Connection refused
	at sun.nio.ch.SocketChannelImpl.checkConnect(Native Method)
	at sun.nio.ch.SocketChannelImpl.finishConnect(SocketChannelImpl.java:717)
	at org.apache.zookeeper.ClientCnxnSocketNIO.doTransport(ClientCnxnSocketNIO.java:361)
	at org.apache.zookeeper.ClientCnxn$SendThread.run(ClientCnxn.java:1081)
15/11/14 23:16:47 WARN RecoverableZooKeeper: Possibly transient ZooKeeper, quorum=localhost:2181, exception=org.apache.zookeeper.KeeperException$ConnectionLossException: KeeperErrorCode = ConnectionLoss for /hbase/hbaseid
15/11/14 23:16:47 INFO ClientCnxn: Opening socket connection to server localhost/0:0:0:0:0:0:0:1:2181. Will not attempt to authenticate using SASL (unknown error)
15/11/14 23:16:47 WARN ClientCnxn: Session 0x0 for server null, unexpected error, closing socket connection and attempting reconnect
java.net.ConnectException: Connection refused
	at sun.nio.ch.SocketChannelImpl.checkConnect(Native Method)
	at sun.nio.ch.SocketChannelImpl.finishConnect(SocketChannelImpl.java:717)
	at org.apache.zookeeper.ClientCnxnSocketNIO.doTransport(ClientCnxnSocketNIO.java:361)
	at org.apache.zookeeper.ClientCnxn$SendThread.run(ClientCnxn.java:1081)
15/11/14 23:18:00 WARN NativeCodeLoader: Unable to load native-hadoop library for your platform... using builtin-java classes where applicable
15/11/14 23:18:00 INFO RecoverableZooKeeper: Process identifier=hconnection-0x3901d134 connecting to ZooKeeper ensemble=sandbox.hortonworks.com:2181
15/11/14 23:18:00 INFO ZooKeeper: Client environment:zookeeper.version=3.4.6-1569965, built on 02/20/2014 09:09 GMT
15/11/14 23:18:00 INFO ZooKeeper: Client environment:host.name=appletekiair
15/11/14 23:18:00 INFO ZooKeeper: Client environment:java.version=1.8.0_65
15/11/14 23:18:00 INFO ZooKeeper: Client environment:java.vendor=Oracle Corporation
15/11/14 23:18:00 INFO ZooKeeper: Client environment:java.home=/Library/Java/JavaVirtualMachines/jdk1.8.0_65.jdk/Contents/Home/jre
15/11/14 23:18:00 INFO ZooKeeper: Client environment:java.class.path=/Users/apple/git/sample-projects/hadoop-maven/target/classes:/Users/apple/.m2/repository/org/apache/hadoop/hadoop-client/2.7.1/hadoop-client-2.7.1.jar:/Users/apple/.m2/repository/org/apache/hadoop/hadoop-common/2.7.1/hadoop-common-2.7.1.jar:/Users/apple/.m2/repository/commons-cli/commons-cli/1.2/commons-cli-1.2.jar:/Users/apple/.m2/repository/org/apache/commons/commons-math3/3.1.1/commons-math3-3.1.1.jar:/Users/apple/.m2/repository/xmlenc/xmlenc/0.52/xmlenc-0.52.jar:/Users/apple/.m2/repository/commons-httpclient/commons-httpclient/3.1/commons-httpclient-3.1.jar:/Users/apple/.m2/repository/commons-net/commons-net/3.1/commons-net-3.1.jar:/Users/apple/.m2/repository/commons-collections/commons-collections/3.2.1/commons-collections-3.2.1.jar:/Users/apple/.m2/repository/javax/servlet/jsp/jsp-api/2.1/jsp-api-2.1.jar:/Users/apple/.m2/repository/log4j/log4j/1.2.17/log4j-1.2.17.jar:/Users/apple/.m2/repository/commons-configuration/commons-configuration/1.6/commons-configuration-1.6.jar:/Users/apple/.m2/repository/commons-digester/commons-digester/1.8/commons-digester-1.8.jar:/Users/apple/.m2/repository/commons-beanutils/commons-beanutils/1.7.0/commons-beanutils-1.7.0.jar:/Users/apple/.m2/repository/commons-beanutils/commons-beanutils-core/1.8.0/commons-beanutils-core-1.8.0.jar:/Users/apple/.m2/repository/org/slf4j/slf4j-api/1.7.10/slf4j-api-1.7.10.jar:/Users/apple/.m2/repository/org/slf4j/slf4j-log4j12/1.7.10/slf4j-log4j12-1.7.10.jar:/Users/apple/.m2/repository/org/codehaus/jackson/jackson-core-asl/1.9.13/jackson-core-asl-1.9.13.jar:/Users/apple/.m2/repository/org/apache/avro/avro/1.7.4/avro-1.7.4.jar:/Users/apple/.m2/repository/com/thoughtworks/paranamer/paranamer/2.3/paranamer-2.3.jar:/Users/apple/.m2/repository/org/xerial/snappy/snappy-java/1.0.4.1/snappy-java-1.0.4.1.jar:/Users/apple/.m2/repository/com/google/code/gson/gson/2.2.4/gson-2.2.4.jar:/Users/apple/.m2/repository/org/apache/curator/curator-client/2.7.1/curator-client-2.7.1.jar:/Users/apple/.m2/repository/org/apache/curator/curator-recipes/2.7.1/curator-recipes-2.7.1.jar:/Users/apple/.m2/repository/org/apache/curator/curator-framework/2.7.1/curator-framework-2.7.1.jar:/Users/apple/.m2/repository/com/google/code/findbugs/jsr305/3.0.0/jsr305-3.0.0.jar:/Users/apple/.m2/repository/org/apache/commons/commons-compress/1.4.1/commons-compress-1.4.1.jar:/Users/apple/.m2/repository/org/tukaani/xz/1.0/xz-1.0.jar:/Users/apple/.m2/repository/org/apache/hadoop/hadoop-hdfs/2.7.1/hadoop-hdfs-2.7.1.jar:/Users/apple/.m2/repository/org/mortbay/jetty/jetty-util/6.1.26/jetty-util-6.1.26.jar:/Users/apple/.m2/repository/xerces/xercesImpl/2.9.1/xercesImpl-2.9.1.jar:/Users/apple/.m2/repository/xml-apis/xml-apis/1.3.04/xml-apis-1.3.04.jar:/Users/apple/.m2/repository/org/fusesource/leveldbjni/leveldbjni-all/1.8/leveldbjni-all-1.8.jar:/Users/apple/.m2/repository/org/apache/hadoop/hadoop-mapreduce-client-app/2.7.1/hadoop-mapreduce-client-app-2.7.1.jar:/Users/apple/.m2/repository/org/apache/hadoop/hadoop-mapreduce-client-common/2.7.1/hadoop-mapreduce-client-common-2.7.1.jar:/Users/apple/.m2/repository/org/apache/hadoop/hadoop-yarn-client/2.7.1/hadoop-yarn-client-2.7.1.jar:/Users/apple/.m2/repository/org/apache/hadoop/hadoop-yarn-server-common/2.7.1/hadoop-yarn-server-common-2.7.1.jar:/Users/apple/.m2/repository/org/apache/hadoop/hadoop-mapreduce-client-shuffle/2.7.1/hadoop-mapreduce-client-shuffle-2.7.1.jar:/Users/apple/.m2/repository/org/apache/hadoop/hadoop-yarn-api/2.7.1/hadoop-yarn-api-2.7.1.jar:/Users/apple/.m2/repository/org/apache/hadoop/hadoop-mapreduce-client-core/2.7.1/hadoop-mapreduce-client-core-2.7.1.jar:/Users/apple/.m2/repository/org/apache/hadoop/hadoop-yarn-common/2.7.1/hadoop-yarn-common-2.7.1.jar:/Users/apple/.m2/repository/javax/xml/bind/jaxb-api/2.2.2/jaxb-api-2.2.2.jar:/Users/apple/.m2/repository/javax/xml/stream/stax-api/1.0-2/stax-api-1.0-2.jar:/Users/apple/.m2/repository/javax/activation/activation/1.1/activation-1.1.jar:/Users/apple/.m2/repository/javax/servlet/servlet-api/2.5/servlet-api-2.5.jar:/Users/apple/.m2/repository/com/sun/jersey/jersey-core/1.9/jersey-core-1.9.jar:/Users/apple/.m2/repository/com/sun/jersey/jersey-client/1.9/jersey-client-1.9.jar:/Users/apple/.m2/repository/org/codehaus/jackson/jackson-jaxrs/1.9.13/jackson-jaxrs-1.9.13.jar:/Users/apple/.m2/repository/org/codehaus/jackson/jackson-xc/1.9.13/jackson-xc-1.9.13.jar:/Users/apple/.m2/repository/org/apache/hadoop/hadoop-mapreduce-client-jobclient/2.7.1/hadoop-mapreduce-client-jobclient-2.7.1.jar:/Users/apple/.m2/repository/org/apache/hadoop/hadoop-annotations/2.7.1/hadoop-annotations-2.7.1.jar:/Users/apple/.m2/repository/org/apache/hbase/hbase-client/1.1.2/hbase-client-1.1.2.jar:/Users/apple/.m2/repository/org/apache/hbase/hbase-annotations/1.1.2/hbase-annotations-1.1.2.jar:/Library/Java/JavaVirtualMachines/jdk1.8.0_65.jdk/Contents/Home/lib/tools.jar:/Users/apple/.m2/repository/org/apache/hbase/hbase-common/1.1.2/hbase-common-1.1.2.jar:/Users/apple/.m2/repository/org/apache/hbase/hbase-protocol/1.1.2/hbase-protocol-1.1.2.jar:/Users/apple/.m2/repository/commons-codec/commons-codec/1.9/commons-codec-1.9.jar:/Users/apple/.m2/repository/commons-io/commons-io/2.4/commons-io-2.4.jar:/Users/apple/.m2/repository/commons-lang/commons-lang/2.6/commons-lang-2.6.jar:/Users/apple/.m2/repository/commons-logging/commons-logging/1.2/commons-logging-1.2.jar:/Users/apple/.m2/repository/com/google/guava/guava/12.0.1/guava-12.0.1.jar:/Users/apple/.m2/repository/com/google/protobuf/protobuf-java/2.5.0/protobuf-java-2.5.0.jar:/Users/apple/.m2/repository/io/netty/netty-all/4.0.23.Final/netty-all-4.0.23.Final.jar:/Users/apple/.m2/repository/org/apache/zookeeper/zookeeper/3.4.6/zookeeper-3.4.6.jar:/Users/apple/.m2/repository/org/apache/htrace/htrace-core/3.1.0-incubating/htrace-core-3.1.0-incubating.jar:/Users/apple/.m2/repository/org/codehaus/jackson/jackson-mapper-asl/1.9.13/jackson-mapper-asl-1.9.13.jar:/Users/apple/.m2/repository/org/jruby/jcodings/jcodings/1.0.8/jcodings-1.0.8.jar:/Users/apple/.m2/repository/org/jruby/joni/joni/2.1.2/joni-2.1.2.jar:/Users/apple/.m2/repository/org/apache/hadoop/hadoop-auth/2.5.1/hadoop-auth-2.5.1.jar:/Users/apple/.m2/repository/org/apache/httpcomponents/httpclient/4.2.5/httpclient-4.2.5.jar:/Users/apple/.m2/repository/org/apache/httpcomponents/httpcore/4.2.4/httpcore-4.2.4.jar:/Users/apple/.m2/repository/org/apache/directory/server/apacheds-kerberos-codec/2.0.0-M15/apacheds-kerberos-codec-2.0.0-M15.jar:/Users/apple/.m2/repository/org/apache/directory/server/apacheds-i18n/2.0.0-M15/apacheds-i18n-2.0.0-M15.jar:/Users/apple/.m2/repository/org/apache/directory/api/api-asn1-api/1.0.0-M20/api-asn1-api-1.0.0-M20.jar:/Users/apple/.m2/repository/org/apache/directory/api/api-util/1.0.0-M20/api-util-1.0.0-M20.jar:/Users/apple/.m2/repository/com/github/stephenc/findbugs/findbugs-annotations/1.3.9-1/findbugs-annotations-1.3.9-1.jar:/Users/apple/.m2/repository/junit/junit/4.11/junit-4.11.jar:/Users/apple/.m2/repository/org/hamcrest/hamcrest-core/1.3/hamcrest-core-1.3.jar
15/11/14 23:18:00 INFO ZooKeeper: Client environment:java.library.path=/Users/apple/Library/Java/Extensions:/Library/Java/Extensions:/Network/Library/Java/Extensions:/System/Library/Java/Extensions:/usr/lib/java:.
15/11/14 23:18:00 INFO ZooKeeper: Client environment:java.io.tmpdir=/var/folders/_7/gl3t7qxn7lsdl0593c9092rh0000gn/T/
15/11/14 23:18:00 INFO ZooKeeper: Client environment:java.compiler=<NA>
15/11/14 23:18:00 INFO ZooKeeper: Client environment:os.name=Mac OS X
15/11/14 23:18:00 INFO ZooKeeper: Client environment:os.arch=x86_64
15/11/14 23:18:00 INFO ZooKeeper: Client environment:os.version=10.11
15/11/14 23:18:00 INFO ZooKeeper: Client environment:user.name=apple
15/11/14 23:18:00 INFO ZooKeeper: Client environment:user.home=/Users/apple
15/11/14 23:18:00 INFO ZooKeeper: Client environment:user.dir=/Users/apple/git/sample-projects/hadoop-maven
15/11/14 23:18:00 INFO ZooKeeper: Initiating client connection, connectString=sandbox.hortonworks.com:2181 sessionTimeout=90000 watcher=hconnection-0x3901d1340x0, quorum=sandbox.hortonworks.com:2181, baseZNode=/hbase
15/11/14 23:18:01 INFO ClientCnxn: Opening socket connection to server sandbox.hortonworks.com/192.168.1.144:2181. Will not attempt to authenticate using SASL (unknown error)
15/11/14 23:18:01 INFO ClientCnxn: Socket connection established to sandbox.hortonworks.com/192.168.1.144:2181, initiating session
15/11/14 23:18:01 INFO ClientCnxn: Session establishment complete on server sandbox.hortonworks.com/192.168.1.144:2181, sessionid = 0x150ef98f645003c, negotiated timeout = 40000
15/11/14 23:18:02 WARN DomainSocketFactory: The short-circuit local reads feature cannot be used because libhadoop cannot be loaded.
15/11/14 23:19:19 WARN NativeCodeLoader: Unable to load native-hadoop library for your platform... using builtin-java classes where applicable
15/11/14 23:19:19 INFO RecoverableZooKeeper: Process identifier=hconnection-0x3901d134 connecting to ZooKeeper ensemble=sandbox.hortonworks.com:2181
15/11/14 23:19:19 INFO ZooKeeper: Client environment:zookeeper.version=3.4.6-1569965, built on 02/20/2014 09:09 GMT
15/11/14 23:19:19 INFO ZooKeeper: Client environment:host.name=appletekiair
15/11/14 23:19:19 INFO ZooKeeper: Client environment:java.version=1.8.0_65
15/11/14 23:19:19 INFO ZooKeeper: Client environment:java.vendor=Oracle Corporation
15/11/14 23:19:19 INFO ZooKeeper: Client environment:java.home=/Library/Java/JavaVirtualMachines/jdk1.8.0_65.jdk/Contents/Home/jre
15/11/14 23:19:19 INFO ZooKeeper: Client environment:java.class.path=/Users/apple/git/sample-projects/hadoop-maven/target/classes:/Users/apple/.m2/repository/org/apache/hadoop/hadoop-client/2.7.1/hadoop-client-2.7.1.jar:/Users/apple/.m2/repository/org/apache/hadoop/hadoop-common/2.7.1/hadoop-common-2.7.1.jar:/Users/apple/.m2/repository/commons-cli/commons-cli/1.2/commons-cli-1.2.jar:/Users/apple/.m2/repository/org/apache/commons/commons-math3/3.1.1/commons-math3-3.1.1.jar:/Users/apple/.m2/repository/xmlenc/xmlenc/0.52/xmlenc-0.52.jar:/Users/apple/.m2/repository/commons-httpclient/commons-httpclient/3.1/commons-httpclient-3.1.jar:/Users/apple/.m2/repository/commons-net/commons-net/3.1/commons-net-3.1.jar:/Users/apple/.m2/repository/commons-collections/commons-collections/3.2.1/commons-collections-3.2.1.jar:/Users/apple/.m2/repository/javax/servlet/jsp/jsp-api/2.1/jsp-api-2.1.jar:/Users/apple/.m2/repository/log4j/log4j/1.2.17/log4j-1.2.17.jar:/Users/apple/.m2/repository/commons-configuration/commons-configuration/1.6/commons-configuration-1.6.jar:/Users/apple/.m2/repository/commons-digester/commons-digester/1.8/commons-digester-1.8.jar:/Users/apple/.m2/repository/commons-beanutils/commons-beanutils/1.7.0/commons-beanutils-1.7.0.jar:/Users/apple/.m2/repository/commons-beanutils/commons-beanutils-core/1.8.0/commons-beanutils-core-1.8.0.jar:/Users/apple/.m2/repository/org/slf4j/slf4j-api/1.7.10/slf4j-api-1.7.10.jar:/Users/apple/.m2/repository/org/slf4j/slf4j-log4j12/1.7.10/slf4j-log4j12-1.7.10.jar:/Users/apple/.m2/repository/org/codehaus/jackson/jackson-core-asl/1.9.13/jackson-core-asl-1.9.13.jar:/Users/apple/.m2/repository/org/apache/avro/avro/1.7.4/avro-1.7.4.jar:/Users/apple/.m2/repository/com/thoughtworks/paranamer/paranamer/2.3/paranamer-2.3.jar:/Users/apple/.m2/repository/org/xerial/snappy/snappy-java/1.0.4.1/snappy-java-1.0.4.1.jar:/Users/apple/.m2/repository/com/google/code/gson/gson/2.2.4/gson-2.2.4.jar:/Users/apple/.m2/repository/org/apache/curator/curator-client/2.7.1/curator-client-2.7.1.jar:/Users/apple/.m2/repository/org/apache/curator/curator-recipes/2.7.1/curator-recipes-2.7.1.jar:/Users/apple/.m2/repository/org/apache/curator/curator-framework/2.7.1/curator-framework-2.7.1.jar:/Users/apple/.m2/repository/com/google/code/findbugs/jsr305/3.0.0/jsr305-3.0.0.jar:/Users/apple/.m2/repository/org/apache/commons/commons-compress/1.4.1/commons-compress-1.4.1.jar:/Users/apple/.m2/repository/org/tukaani/xz/1.0/xz-1.0.jar:/Users/apple/.m2/repository/org/apache/hadoop/hadoop-hdfs/2.7.1/hadoop-hdfs-2.7.1.jar:/Users/apple/.m2/repository/org/mortbay/jetty/jetty-util/6.1.26/jetty-util-6.1.26.jar:/Users/apple/.m2/repository/xerces/xercesImpl/2.9.1/xercesImpl-2.9.1.jar:/Users/apple/.m2/repository/xml-apis/xml-apis/1.3.04/xml-apis-1.3.04.jar:/Users/apple/.m2/repository/org/fusesource/leveldbjni/leveldbjni-all/1.8/leveldbjni-all-1.8.jar:/Users/apple/.m2/repository/org/apache/hadoop/hadoop-mapreduce-client-app/2.7.1/hadoop-mapreduce-client-app-2.7.1.jar:/Users/apple/.m2/repository/org/apache/hadoop/hadoop-mapreduce-client-common/2.7.1/hadoop-mapreduce-client-common-2.7.1.jar:/Users/apple/.m2/repository/org/apache/hadoop/hadoop-yarn-client/2.7.1/hadoop-yarn-client-2.7.1.jar:/Users/apple/.m2/repository/org/apache/hadoop/hadoop-yarn-server-common/2.7.1/hadoop-yarn-server-common-2.7.1.jar:/Users/apple/.m2/repository/org/apache/hadoop/hadoop-mapreduce-client-shuffle/2.7.1/hadoop-mapreduce-client-shuffle-2.7.1.jar:/Users/apple/.m2/repository/org/apache/hadoop/hadoop-yarn-api/2.7.1/hadoop-yarn-api-2.7.1.jar:/Users/apple/.m2/repository/org/apache/hadoop/hadoop-mapreduce-client-core/2.7.1/hadoop-mapreduce-client-core-2.7.1.jar:/Users/apple/.m2/repository/org/apache/hadoop/hadoop-yarn-common/2.7.1/hadoop-yarn-common-2.7.1.jar:/Users/apple/.m2/repository/javax/xml/bind/jaxb-api/2.2.2/jaxb-api-2.2.2.jar:/Users/apple/.m2/repository/javax/xml/stream/stax-api/1.0-2/stax-api-1.0-2.jar:/Users/apple/.m2/repository/javax/activation/activation/1.1/activation-1.1.jar:/Users/apple/.m2/repository/javax/servlet/servlet-api/2.5/servlet-api-2.5.jar:/Users/apple/.m2/repository/com/sun/jersey/jersey-core/1.9/jersey-core-1.9.jar:/Users/apple/.m2/repository/com/sun/jersey/jersey-client/1.9/jersey-client-1.9.jar:/Users/apple/.m2/repository/org/codehaus/jackson/jackson-jaxrs/1.9.13/jackson-jaxrs-1.9.13.jar:/Users/apple/.m2/repository/org/codehaus/jackson/jackson-xc/1.9.13/jackson-xc-1.9.13.jar:/Users/apple/.m2/repository/org/apache/hadoop/hadoop-mapreduce-client-jobclient/2.7.1/hadoop-mapreduce-client-jobclient-2.7.1.jar:/Users/apple/.m2/repository/org/apache/hadoop/hadoop-annotations/2.7.1/hadoop-annotations-2.7.1.jar:/Users/apple/.m2/repository/org/apache/hbase/hbase-client/1.1.2/hbase-client-1.1.2.jar:/Users/apple/.m2/repository/org/apache/hbase/hbase-annotations/1.1.2/hbase-annotations-1.1.2.jar:/Library/Java/JavaVirtualMachines/jdk1.8.0_65.jdk/Contents/Home/lib/tools.jar:/Users/apple/.m2/repository/org/apache/hbase/hbase-common/1.1.2/hbase-common-1.1.2.jar:/Users/apple/.m2/repository/org/apache/hbase/hbase-protocol/1.1.2/hbase-protocol-1.1.2.jar:/Users/apple/.m2/repository/commons-codec/commons-codec/1.9/commons-codec-1.9.jar:/Users/apple/.m2/repository/commons-io/commons-io/2.4/commons-io-2.4.jar:/Users/apple/.m2/repository/commons-lang/commons-lang/2.6/commons-lang-2.6.jar:/Users/apple/.m2/repository/commons-logging/commons-logging/1.2/commons-logging-1.2.jar:/Users/apple/.m2/repository/com/google/guava/guava/12.0.1/guava-12.0.1.jar:/Users/apple/.m2/repository/com/google/protobuf/protobuf-java/2.5.0/protobuf-java-2.5.0.jar:/Users/apple/.m2/repository/io/netty/netty-all/4.0.23.Final/netty-all-4.0.23.Final.jar:/Users/apple/.m2/repository/org/apache/zookeeper/zookeeper/3.4.6/zookeeper-3.4.6.jar:/Users/apple/.m2/repository/org/apache/htrace/htrace-core/3.1.0-incubating/htrace-core-3.1.0-incubating.jar:/Users/apple/.m2/repository/org/codehaus/jackson/jackson-mapper-asl/1.9.13/jackson-mapper-asl-1.9.13.jar:/Users/apple/.m2/repository/org/jruby/jcodings/jcodings/1.0.8/jcodings-1.0.8.jar:/Users/apple/.m2/repository/org/jruby/joni/joni/2.1.2/joni-2.1.2.jar:/Users/apple/.m2/repository/org/apache/hadoop/hadoop-auth/2.5.1/hadoop-auth-2.5.1.jar:/Users/apple/.m2/repository/org/apache/httpcomponents/httpclient/4.2.5/httpclient-4.2.5.jar:/Users/apple/.m2/repository/org/apache/httpcomponents/httpcore/4.2.4/httpcore-4.2.4.jar:/Users/apple/.m2/repository/org/apache/directory/server/apacheds-kerberos-codec/2.0.0-M15/apacheds-kerberos-codec-2.0.0-M15.jar:/Users/apple/.m2/repository/org/apache/directory/server/apacheds-i18n/2.0.0-M15/apacheds-i18n-2.0.0-M15.jar:/Users/apple/.m2/repository/org/apache/directory/api/api-asn1-api/1.0.0-M20/api-asn1-api-1.0.0-M20.jar:/Users/apple/.m2/repository/org/apache/directory/api/api-util/1.0.0-M20/api-util-1.0.0-M20.jar:/Users/apple/.m2/repository/com/github/stephenc/findbugs/findbugs-annotations/1.3.9-1/findbugs-annotations-1.3.9-1.jar:/Users/apple/.m2/repository/junit/junit/4.11/junit-4.11.jar:/Users/apple/.m2/repository/org/hamcrest/hamcrest-core/1.3/hamcrest-core-1.3.jar
15/11/14 23:19:19 INFO ZooKeeper: Client environment:java.library.path=/Users/apple/Library/Java/Extensions:/Library/Java/Extensions:/Network/Library/Java/Extensions:/System/Library/Java/Extensions:/usr/lib/java:.
15/11/14 23:19:19 INFO ZooKeeper: Client environment:java.io.tmpdir=/var/folders/_7/gl3t7qxn7lsdl0593c9092rh0000gn/T/
15/11/14 23:19:19 INFO ZooKeeper: Client environment:java.compiler=<NA>
15/11/14 23:19:19 INFO ZooKeeper: Client environment:os.name=Mac OS X
15/11/14 23:19:19 INFO ZooKeeper: Client environment:os.arch=x86_64
15/11/14 23:19:19 INFO ZooKeeper: Client environment:os.version=10.11
15/11/14 23:19:19 INFO ZooKeeper: Client environment:user.name=apple
15/11/14 23:19:19 INFO ZooKeeper: Client environment:user.home=/Users/apple
15/11/14 23:19:19 INFO ZooKeeper: Client environment:user.dir=/Users/apple/git/sample-projects/hadoop-maven
15/11/14 23:19:19 INFO ZooKeeper: Initiating client connection, connectString=sandbox.hortonworks.com:2181 sessionTimeout=90000 watcher=hconnection-0x3901d1340x0, quorum=sandbox.hortonworks.com:2181, baseZNode=/hbase
15/11/14 23:19:19 INFO ClientCnxn: Opening socket connection to server sandbox.hortonworks.com/192.168.1.144:2181. Will not attempt to authenticate using SASL (unknown error)
15/11/14 23:19:20 INFO ClientCnxn: Socket connection established to sandbox.hortonworks.com/192.168.1.144:2181, initiating session
15/11/14 23:19:20 INFO ClientCnxn: Session establishment complete on server sandbox.hortonworks.com/192.168.1.144:2181, sessionid = 0x150ef98f645003d, negotiated timeout = 40000
15/11/14 23:19:21 WARN DomainSocketFactory: The short-circuit local reads feature cannot be used because libhadoop cannot be loaded.
15/11/14 23:22:28 WARN NativeCodeLoader: Unable to load native-hadoop library for your platform... using builtin-java classes where applicable
15/11/14 23:22:28 INFO RecoverableZooKeeper: Process identifier=hconnection-0x3901d134 connecting to ZooKeeper ensemble=sandbox.hortonworks.com:2181
15/11/14 23:22:28 INFO ZooKeeper: Client environment:zookeeper.version=3.4.6-1569965, built on 02/20/2014 09:09 GMT
15/11/14 23:22:28 INFO ZooKeeper: Client environment:host.name=appletekiair
15/11/14 23:22:28 INFO ZooKeeper: Client environment:java.version=1.8.0_65
15/11/14 23:22:28 INFO ZooKeeper: Client environment:java.vendor=Oracle Corporation
15/11/14 23:22:28 INFO ZooKeeper: Client environment:java.home=/Library/Java/JavaVirtualMachines/jdk1.8.0_65.jdk/Contents/Home/jre
15/11/14 23:22:28 INFO ZooKeeper: Client environment:java.class.path=/Users/apple/git/sample-projects/hadoop-maven/target/classes:/Users/apple/.m2/repository/org/apache/hadoop/hadoop-client/2.7.1/hadoop-client-2.7.1.jar:/Users/apple/.m2/repository/org/apache/hadoop/hadoop-common/2.7.1/hadoop-common-2.7.1.jar:/Users/apple/.m2/repository/commons-cli/commons-cli/1.2/commons-cli-1.2.jar:/Users/apple/.m2/repository/org/apache/commons/commons-math3/3.1.1/commons-math3-3.1.1.jar:/Users/apple/.m2/repository/xmlenc/xmlenc/0.52/xmlenc-0.52.jar:/Users/apple/.m2/repository/commons-httpclient/commons-httpclient/3.1/commons-httpclient-3.1.jar:/Users/apple/.m2/repository/commons-net/commons-net/3.1/commons-net-3.1.jar:/Users/apple/.m2/repository/commons-collections/commons-collections/3.2.1/commons-collections-3.2.1.jar:/Users/apple/.m2/repository/javax/servlet/jsp/jsp-api/2.1/jsp-api-2.1.jar:/Users/apple/.m2/repository/log4j/log4j/1.2.17/log4j-1.2.17.jar:/Users/apple/.m2/repository/commons-configuration/commons-configuration/1.6/commons-configuration-1.6.jar:/Users/apple/.m2/repository/commons-digester/commons-digester/1.8/commons-digester-1.8.jar:/Users/apple/.m2/repository/commons-beanutils/commons-beanutils/1.7.0/commons-beanutils-1.7.0.jar:/Users/apple/.m2/repository/commons-beanutils/commons-beanutils-core/1.8.0/commons-beanutils-core-1.8.0.jar:/Users/apple/.m2/repository/org/slf4j/slf4j-api/1.7.10/slf4j-api-1.7.10.jar:/Users/apple/.m2/repository/org/slf4j/slf4j-log4j12/1.7.10/slf4j-log4j12-1.7.10.jar:/Users/apple/.m2/repository/org/codehaus/jackson/jackson-core-asl/1.9.13/jackson-core-asl-1.9.13.jar:/Users/apple/.m2/repository/org/apache/avro/avro/1.7.4/avro-1.7.4.jar:/Users/apple/.m2/repository/com/thoughtworks/paranamer/paranamer/2.3/paranamer-2.3.jar:/Users/apple/.m2/repository/org/xerial/snappy/snappy-java/1.0.4.1/snappy-java-1.0.4.1.jar:/Users/apple/.m2/repository/com/google/code/gson/gson/2.2.4/gson-2.2.4.jar:/Users/apple/.m2/repository/org/apache/curator/curator-client/2.7.1/curator-client-2.7.1.jar:/Users/apple/.m2/repository/org/apache/curator/curator-recipes/2.7.1/curator-recipes-2.7.1.jar:/Users/apple/.m2/repository/org/apache/curator/curator-framework/2.7.1/curator-framework-2.7.1.jar:/Users/apple/.m2/repository/com/google/code/findbugs/jsr305/3.0.0/jsr305-3.0.0.jar:/Users/apple/.m2/repository/org/apache/commons/commons-compress/1.4.1/commons-compress-1.4.1.jar:/Users/apple/.m2/repository/org/tukaani/xz/1.0/xz-1.0.jar:/Users/apple/.m2/repository/org/apache/hadoop/hadoop-hdfs/2.7.1/hadoop-hdfs-2.7.1.jar:/Users/apple/.m2/repository/org/mortbay/jetty/jetty-util/6.1.26/jetty-util-6.1.26.jar:/Users/apple/.m2/repository/xerces/xercesImpl/2.9.1/xercesImpl-2.9.1.jar:/Users/apple/.m2/repository/xml-apis/xml-apis/1.3.04/xml-apis-1.3.04.jar:/Users/apple/.m2/repository/org/fusesource/leveldbjni/leveldbjni-all/1.8/leveldbjni-all-1.8.jar:/Users/apple/.m2/repository/org/apache/hadoop/hadoop-mapreduce-client-app/2.7.1/hadoop-mapreduce-client-app-2.7.1.jar:/Users/apple/.m2/repository/org/apache/hadoop/hadoop-mapreduce-client-common/2.7.1/hadoop-mapreduce-client-common-2.7.1.jar:/Users/apple/.m2/repository/org/apache/hadoop/hadoop-yarn-client/2.7.1/hadoop-yarn-client-2.7.1.jar:/Users/apple/.m2/repository/org/apache/hadoop/hadoop-yarn-server-common/2.7.1/hadoop-yarn-server-common-2.7.1.jar:/Users/apple/.m2/repository/org/apache/hadoop/hadoop-mapreduce-client-shuffle/2.7.1/hadoop-mapreduce-client-shuffle-2.7.1.jar:/Users/apple/.m2/repository/org/apache/hadoop/hadoop-yarn-api/2.7.1/hadoop-yarn-api-2.7.1.jar:/Users/apple/.m2/repository/org/apache/hadoop/hadoop-mapreduce-client-core/2.7.1/hadoop-mapreduce-client-core-2.7.1.jar:/Users/apple/.m2/repository/org/apache/hadoop/hadoop-yarn-common/2.7.1/hadoop-yarn-common-2.7.1.jar:/Users/apple/.m2/repository/javax/xml/bind/jaxb-api/2.2.2/jaxb-api-2.2.2.jar:/Users/apple/.m2/repository/javax/xml/stream/stax-api/1.0-2/stax-api-1.0-2.jar:/Users/apple/.m2/repository/javax/activation/activation/1.1/activation-1.1.jar:/Users/apple/.m2/repository/javax/servlet/servlet-api/2.5/servlet-api-2.5.jar:/Users/apple/.m2/repository/com/sun/jersey/jersey-core/1.9/jersey-core-1.9.jar:/Users/apple/.m2/repository/com/sun/jersey/jersey-client/1.9/jersey-client-1.9.jar:/Users/apple/.m2/repository/org/codehaus/jackson/jackson-jaxrs/1.9.13/jackson-jaxrs-1.9.13.jar:/Users/apple/.m2/repository/org/codehaus/jackson/jackson-xc/1.9.13/jackson-xc-1.9.13.jar:/Users/apple/.m2/repository/org/apache/hadoop/hadoop-mapreduce-client-jobclient/2.7.1/hadoop-mapreduce-client-jobclient-2.7.1.jar:/Users/apple/.m2/repository/org/apache/hadoop/hadoop-annotations/2.7.1/hadoop-annotations-2.7.1.jar:/Users/apple/.m2/repository/org/apache/hbase/hbase-client/1.1.2/hbase-client-1.1.2.jar:/Users/apple/.m2/repository/org/apache/hbase/hbase-annotations/1.1.2/hbase-annotations-1.1.2.jar:/Library/Java/JavaVirtualMachines/jdk1.8.0_65.jdk/Contents/Home/lib/tools.jar:/Users/apple/.m2/repository/org/apache/hbase/hbase-common/1.1.2/hbase-common-1.1.2.jar:/Users/apple/.m2/repository/org/apache/hbase/hbase-protocol/1.1.2/hbase-protocol-1.1.2.jar:/Users/apple/.m2/repository/commons-codec/commons-codec/1.9/commons-codec-1.9.jar:/Users/apple/.m2/repository/commons-io/commons-io/2.4/commons-io-2.4.jar:/Users/apple/.m2/repository/commons-lang/commons-lang/2.6/commons-lang-2.6.jar:/Users/apple/.m2/repository/commons-logging/commons-logging/1.2/commons-logging-1.2.jar:/Users/apple/.m2/repository/com/google/guava/guava/12.0.1/guava-12.0.1.jar:/Users/apple/.m2/repository/com/google/protobuf/protobuf-java/2.5.0/protobuf-java-2.5.0.jar:/Users/apple/.m2/repository/io/netty/netty-all/4.0.23.Final/netty-all-4.0.23.Final.jar:/Users/apple/.m2/repository/org/apache/zookeeper/zookeeper/3.4.6/zookeeper-3.4.6.jar:/Users/apple/.m2/repository/org/apache/htrace/htrace-core/3.1.0-incubating/htrace-core-3.1.0-incubating.jar:/Users/apple/.m2/repository/org/codehaus/jackson/jackson-mapper-asl/1.9.13/jackson-mapper-asl-1.9.13.jar:/Users/apple/.m2/repository/org/jruby/jcodings/jcodings/1.0.8/jcodings-1.0.8.jar:/Users/apple/.m2/repository/org/jruby/joni/joni/2.1.2/joni-2.1.2.jar:/Users/apple/.m2/repository/org/apache/hadoop/hadoop-auth/2.5.1/hadoop-auth-2.5.1.jar:/Users/apple/.m2/repository/org/apache/httpcomponents/httpclient/4.2.5/httpclient-4.2.5.jar:/Users/apple/.m2/repository/org/apache/httpcomponents/httpcore/4.2.4/httpcore-4.2.4.jar:/Users/apple/.m2/repository/org/apache/directory/server/apacheds-kerberos-codec/2.0.0-M15/apacheds-kerberos-codec-2.0.0-M15.jar:/Users/apple/.m2/repository/org/apache/directory/server/apacheds-i18n/2.0.0-M15/apacheds-i18n-2.0.0-M15.jar:/Users/apple/.m2/repository/org/apache/directory/api/api-asn1-api/1.0.0-M20/api-asn1-api-1.0.0-M20.jar:/Users/apple/.m2/repository/org/apache/directory/api/api-util/1.0.0-M20/api-util-1.0.0-M20.jar:/Users/apple/.m2/repository/com/github/stephenc/findbugs/findbugs-annotations/1.3.9-1/findbugs-annotations-1.3.9-1.jar:/Users/apple/.m2/repository/junit/junit/4.11/junit-4.11.jar:/Users/apple/.m2/repository/org/hamcrest/hamcrest-core/1.3/hamcrest-core-1.3.jar
15/11/14 23:22:28 INFO ZooKeeper: Client environment:java.library.path=/Users/apple/Library/Java/Extensions:/Library/Java/Extensions:/Network/Library/Java/Extensions:/System/Library/Java/Extensions:/usr/lib/java:.
15/11/14 23:22:28 INFO ZooKeeper: Client environment:java.io.tmpdir=/var/folders/_7/gl3t7qxn7lsdl0593c9092rh0000gn/T/
15/11/14 23:22:28 INFO ZooKeeper: Client environment:java.compiler=<NA>
15/11/14 23:22:28 INFO ZooKeeper: Client environment:os.name=Mac OS X
15/11/14 23:22:28 INFO ZooKeeper: Client environment:os.arch=x86_64
15/11/14 23:22:28 INFO ZooKeeper: Client environment:os.version=10.11
15/11/14 23:22:28 INFO ZooKeeper: Client environment:user.name=apple
15/11/14 23:22:28 INFO ZooKeeper: Client environment:user.home=/Users/apple
15/11/14 23:22:28 INFO ZooKeeper: Client environment:user.dir=/Users/apple/git/sample-projects/hadoop-maven
15/11/14 23:22:28 INFO ZooKeeper: Initiating client connection, connectString=sandbox.hortonworks.com:2181 sessionTimeout=90000 watcher=hconnection-0x3901d1340x0, quorum=sandbox.hortonworks.com:2181, baseZNode=/hbase
15/11/14 23:22:28 INFO ClientCnxn: Opening socket connection to server sandbox.hortonworks.com/192.168.1.144:2181. Will not attempt to authenticate using SASL (unknown error)
15/11/14 23:22:29 INFO ClientCnxn: Socket connection established to sandbox.hortonworks.com/192.168.1.144:2181, initiating session
15/11/14 23:22:29 INFO ClientCnxn: Session establishment complete on server sandbox.hortonworks.com/192.168.1.144:2181, sessionid = 0x150ef98f645003e, negotiated timeout = 40000
15/11/14 23:22:29 WARN DomainSocketFactory: The short-circuit local reads feature cannot be used because libhadoop cannot be loaded.
15/11/14 23:28:16 WARN NativeCodeLoader: Unable to load native-hadoop library for your platform... using builtin-java classes where applicable
15/11/14 23:28:16 INFO RecoverableZooKeeper: Process identifier=hconnection-0x3901d134 connecting to ZooKeeper ensemble=sandbox.hortonworks.com:2181
15/11/14 23:28:16 INFO ZooKeeper: Client environment:zookeeper.version=3.4.6-1569965, built on 02/20/2014 09:09 GMT
15/11/14 23:28:16 INFO ZooKeeper: Client environment:host.name=appletekiair
15/11/14 23:28:16 INFO ZooKeeper: Client environment:java.version=1.8.0_65
15/11/14 23:28:16 INFO ZooKeeper: Client environment:java.vendor=Oracle Corporation
15/11/14 23:28:16 INFO ZooKeeper: Client environment:java.home=/Library/Java/JavaVirtualMachines/jdk1.8.0_65.jdk/Contents/Home/jre
15/11/14 23:28:16 INFO ZooKeeper: Client environment:java.class.path=/Users/apple/git/sample-projects/hadoop-maven/target/classes:/Users/apple/.m2/repository/org/apache/hadoop/hadoop-client/2.7.1/hadoop-client-2.7.1.jar:/Users/apple/.m2/repository/org/apache/hadoop/hadoop-common/2.7.1/hadoop-common-2.7.1.jar:/Users/apple/.m2/repository/commons-cli/commons-cli/1.2/commons-cli-1.2.jar:/Users/apple/.m2/repository/org/apache/commons/commons-math3/3.1.1/commons-math3-3.1.1.jar:/Users/apple/.m2/repository/xmlenc/xmlenc/0.52/xmlenc-0.52.jar:/Users/apple/.m2/repository/commons-httpclient/commons-httpclient/3.1/commons-httpclient-3.1.jar:/Users/apple/.m2/repository/commons-net/commons-net/3.1/commons-net-3.1.jar:/Users/apple/.m2/repository/commons-collections/commons-collections/3.2.1/commons-collections-3.2.1.jar:/Users/apple/.m2/repository/javax/servlet/jsp/jsp-api/2.1/jsp-api-2.1.jar:/Users/apple/.m2/repository/log4j/log4j/1.2.17/log4j-1.2.17.jar:/Users/apple/.m2/repository/commons-configuration/commons-configuration/1.6/commons-configuration-1.6.jar:/Users/apple/.m2/repository/commons-digester/commons-digester/1.8/commons-digester-1.8.jar:/Users/apple/.m2/repository/commons-beanutils/commons-beanutils/1.7.0/commons-beanutils-1.7.0.jar:/Users/apple/.m2/repository/commons-beanutils/commons-beanutils-core/1.8.0/commons-beanutils-core-1.8.0.jar:/Users/apple/.m2/repository/org/slf4j/slf4j-api/1.7.10/slf4j-api-1.7.10.jar:/Users/apple/.m2/repository/org/slf4j/slf4j-log4j12/1.7.10/slf4j-log4j12-1.7.10.jar:/Users/apple/.m2/repository/org/codehaus/jackson/jackson-core-asl/1.9.13/jackson-core-asl-1.9.13.jar:/Users/apple/.m2/repository/org/apache/avro/avro/1.7.4/avro-1.7.4.jar:/Users/apple/.m2/repository/com/thoughtworks/paranamer/paranamer/2.3/paranamer-2.3.jar:/Users/apple/.m2/repository/org/xerial/snappy/snappy-java/1.0.4.1/snappy-java-1.0.4.1.jar:/Users/apple/.m2/repository/com/google/code/gson/gson/2.2.4/gson-2.2.4.jar:/Users/apple/.m2/repository/org/apache/curator/curator-client/2.7.1/curator-client-2.7.1.jar:/Users/apple/.m2/repository/org/apache/curator/curator-recipes/2.7.1/curator-recipes-2.7.1.jar:/Users/apple/.m2/repository/org/apache/curator/curator-framework/2.7.1/curator-framework-2.7.1.jar:/Users/apple/.m2/repository/com/google/code/findbugs/jsr305/3.0.0/jsr305-3.0.0.jar:/Users/apple/.m2/repository/org/apache/commons/commons-compress/1.4.1/commons-compress-1.4.1.jar:/Users/apple/.m2/repository/org/tukaani/xz/1.0/xz-1.0.jar:/Users/apple/.m2/repository/org/apache/hadoop/hadoop-hdfs/2.7.1/hadoop-hdfs-2.7.1.jar:/Users/apple/.m2/repository/org/mortbay/jetty/jetty-util/6.1.26/jetty-util-6.1.26.jar:/Users/apple/.m2/repository/xerces/xercesImpl/2.9.1/xercesImpl-2.9.1.jar:/Users/apple/.m2/repository/xml-apis/xml-apis/1.3.04/xml-apis-1.3.04.jar:/Users/apple/.m2/repository/org/fusesource/leveldbjni/leveldbjni-all/1.8/leveldbjni-all-1.8.jar:/Users/apple/.m2/repository/org/apache/hadoop/hadoop-mapreduce-client-app/2.7.1/hadoop-mapreduce-client-app-2.7.1.jar:/Users/apple/.m2/repository/org/apache/hadoop/hadoop-mapreduce-client-common/2.7.1/hadoop-mapreduce-client-common-2.7.1.jar:/Users/apple/.m2/repository/org/apache/hadoop/hadoop-yarn-client/2.7.1/hadoop-yarn-client-2.7.1.jar:/Users/apple/.m2/repository/org/apache/hadoop/hadoop-yarn-server-common/2.7.1/hadoop-yarn-server-common-2.7.1.jar:/Users/apple/.m2/repository/org/apache/hadoop/hadoop-mapreduce-client-shuffle/2.7.1/hadoop-mapreduce-client-shuffle-2.7.1.jar:/Users/apple/.m2/repository/org/apache/hadoop/hadoop-yarn-api/2.7.1/hadoop-yarn-api-2.7.1.jar:/Users/apple/.m2/repository/org/apache/hadoop/hadoop-mapreduce-client-core/2.7.1/hadoop-mapreduce-client-core-2.7.1.jar:/Users/apple/.m2/repository/org/apache/hadoop/hadoop-yarn-common/2.7.1/hadoop-yarn-common-2.7.1.jar:/Users/apple/.m2/repository/javax/xml/bind/jaxb-api/2.2.2/jaxb-api-2.2.2.jar:/Users/apple/.m2/repository/javax/xml/stream/stax-api/1.0-2/stax-api-1.0-2.jar:/Users/apple/.m2/repository/javax/activation/activation/1.1/activation-1.1.jar:/Users/apple/.m2/repository/javax/servlet/servlet-api/2.5/servlet-api-2.5.jar:/Users/apple/.m2/repository/com/sun/jersey/jersey-core/1.9/jersey-core-1.9.jar:/Users/apple/.m2/repository/com/sun/jersey/jersey-client/1.9/jersey-client-1.9.jar:/Users/apple/.m2/repository/org/codehaus/jackson/jackson-jaxrs/1.9.13/jackson-jaxrs-1.9.13.jar:/Users/apple/.m2/repository/org/codehaus/jackson/jackson-xc/1.9.13/jackson-xc-1.9.13.jar:/Users/apple/.m2/repository/org/apache/hadoop/hadoop-mapreduce-client-jobclient/2.7.1/hadoop-mapreduce-client-jobclient-2.7.1.jar:/Users/apple/.m2/repository/org/apache/hadoop/hadoop-annotations/2.7.1/hadoop-annotations-2.7.1.jar:/Users/apple/.m2/repository/org/apache/hbase/hbase-client/1.1.2/hbase-client-1.1.2.jar:/Users/apple/.m2/repository/org/apache/hbase/hbase-annotations/1.1.2/hbase-annotations-1.1.2.jar:/Library/Java/JavaVirtualMachines/jdk1.8.0_65.jdk/Contents/Home/lib/tools.jar:/Users/apple/.m2/repository/org/apache/hbase/hbase-common/1.1.2/hbase-common-1.1.2.jar:/Users/apple/.m2/repository/org/apache/hbase/hbase-protocol/1.1.2/hbase-protocol-1.1.2.jar:/Users/apple/.m2/repository/commons-codec/commons-codec/1.9/commons-codec-1.9.jar:/Users/apple/.m2/repository/commons-io/commons-io/2.4/commons-io-2.4.jar:/Users/apple/.m2/repository/commons-lang/commons-lang/2.6/commons-lang-2.6.jar:/Users/apple/.m2/repository/commons-logging/commons-logging/1.2/commons-logging-1.2.jar:/Users/apple/.m2/repository/com/google/guava/guava/12.0.1/guava-12.0.1.jar:/Users/apple/.m2/repository/com/google/protobuf/protobuf-java/2.5.0/protobuf-java-2.5.0.jar:/Users/apple/.m2/repository/io/netty/netty-all/4.0.23.Final/netty-all-4.0.23.Final.jar:/Users/apple/.m2/repository/org/apache/zookeeper/zookeeper/3.4.6/zookeeper-3.4.6.jar:/Users/apple/.m2/repository/org/apache/htrace/htrace-core/3.1.0-incubating/htrace-core-3.1.0-incubating.jar:/Users/apple/.m2/repository/org/codehaus/jackson/jackson-mapper-asl/1.9.13/jackson-mapper-asl-1.9.13.jar:/Users/apple/.m2/repository/org/jruby/jcodings/jcodings/1.0.8/jcodings-1.0.8.jar:/Users/apple/.m2/repository/org/jruby/joni/joni/2.1.2/joni-2.1.2.jar:/Users/apple/.m2/repository/org/apache/hadoop/hadoop-auth/2.5.1/hadoop-auth-2.5.1.jar:/Users/apple/.m2/repository/org/apache/httpcomponents/httpclient/4.2.5/httpclient-4.2.5.jar:/Users/apple/.m2/repository/org/apache/httpcomponents/httpcore/4.2.4/httpcore-4.2.4.jar:/Users/apple/.m2/repository/org/apache/directory/server/apacheds-kerberos-codec/2.0.0-M15/apacheds-kerberos-codec-2.0.0-M15.jar:/Users/apple/.m2/repository/org/apache/directory/server/apacheds-i18n/2.0.0-M15/apacheds-i18n-2.0.0-M15.jar:/Users/apple/.m2/repository/org/apache/directory/api/api-asn1-api/1.0.0-M20/api-asn1-api-1.0.0-M20.jar:/Users/apple/.m2/repository/org/apache/directory/api/api-util/1.0.0-M20/api-util-1.0.0-M20.jar:/Users/apple/.m2/repository/com/github/stephenc/findbugs/findbugs-annotations/1.3.9-1/findbugs-annotations-1.3.9-1.jar:/Users/apple/.m2/repository/junit/junit/4.11/junit-4.11.jar:/Users/apple/.m2/repository/org/hamcrest/hamcrest-core/1.3/hamcrest-core-1.3.jar
15/11/14 23:28:16 INFO ZooKeeper: Client environment:java.library.path=/Users/apple/Library/Java/Extensions:/Library/Java/Extensions:/Network/Library/Java/Extensions:/System/Library/Java/Extensions:/usr/lib/java:.
15/11/14 23:28:16 INFO ZooKeeper: Client environment:java.io.tmpdir=/var/folders/_7/gl3t7qxn7lsdl0593c9092rh0000gn/T/
15/11/14 23:28:16 INFO ZooKeeper: Client environment:java.compiler=<NA>
15/11/14 23:28:16 INFO ZooKeeper: Client environment:os.name=Mac OS X
15/11/14 23:28:16 INFO ZooKeeper: Client environment:os.arch=x86_64
15/11/14 23:28:16 INFO ZooKeeper: Client environment:os.version=10.11
15/11/14 23:28:16 INFO ZooKeeper: Client environment:user.name=apple
15/11/14 23:28:16 INFO ZooKeeper: Client environment:user.home=/Users/apple
15/11/14 23:28:16 INFO ZooKeeper: Client environment:user.dir=/Users/apple/git/sample-projects/hadoop-maven
15/11/14 23:28:16 INFO ZooKeeper: Initiating client connection, connectString=sandbox.hortonworks.com:2181 sessionTimeout=90000 watcher=hconnection-0x3901d1340x0, quorum=sandbox.hortonworks.com:2181, baseZNode=/hbase
15/11/14 23:28:16 INFO ClientCnxn: Opening socket connection to server sandbox.hortonworks.com/192.168.1.144:2181. Will not attempt to authenticate using SASL (unknown error)
15/11/14 23:28:18 INFO ClientCnxn: Socket connection established to sandbox.hortonworks.com/192.168.1.144:2181, initiating session
15/11/14 23:28:18 INFO ClientCnxn: Session establishment complete on server sandbox.hortonworks.com/192.168.1.144:2181, sessionid = 0x150ef98f645003f, negotiated timeout = 40000
15/11/14 23:28:18 WARN DomainSocketFactory: The short-circuit local reads feature cannot be used because libhadoop cannot be loaded.
15/11/14 23:51:17 WARN NativeCodeLoader: Unable to load native-hadoop library for your platform... using builtin-java classes where applicable
15/11/14 23:51:18 INFO RecoverableZooKeeper: Process identifier=hconnection-0x3901d134 connecting to ZooKeeper ensemble=sandbox.hortonworks.com:2181
15/11/14 23:51:18 INFO ZooKeeper: Client environment:zookeeper.version=3.4.6-1569965, built on 02/20/2014 09:09 GMT
15/11/14 23:51:18 INFO ZooKeeper: Client environment:host.name=appletekiair
15/11/14 23:51:18 INFO ZooKeeper: Client environment:java.version=1.8.0_65
15/11/14 23:51:18 INFO ZooKeeper: Client environment:java.vendor=Oracle Corporation
15/11/14 23:51:18 INFO ZooKeeper: Client environment:java.home=/Library/Java/JavaVirtualMachines/jdk1.8.0_65.jdk/Contents/Home/jre
15/11/14 23:51:18 INFO ZooKeeper: Client environment:java.class.path=/Users/apple/git/sample-projects/hadoop-maven/target/classes:/Users/apple/.m2/repository/org/apache/hadoop/hadoop-client/2.7.1/hadoop-client-2.7.1.jar:/Users/apple/.m2/repository/org/apache/hadoop/hadoop-common/2.7.1/hadoop-common-2.7.1.jar:/Users/apple/.m2/repository/commons-cli/commons-cli/1.2/commons-cli-1.2.jar:/Users/apple/.m2/repository/org/apache/commons/commons-math3/3.1.1/commons-math3-3.1.1.jar:/Users/apple/.m2/repository/xmlenc/xmlenc/0.52/xmlenc-0.52.jar:/Users/apple/.m2/repository/commons-httpclient/commons-httpclient/3.1/commons-httpclient-3.1.jar:/Users/apple/.m2/repository/commons-net/commons-net/3.1/commons-net-3.1.jar:/Users/apple/.m2/repository/commons-collections/commons-collections/3.2.1/commons-collections-3.2.1.jar:/Users/apple/.m2/repository/javax/servlet/jsp/jsp-api/2.1/jsp-api-2.1.jar:/Users/apple/.m2/repository/log4j/log4j/1.2.17/log4j-1.2.17.jar:/Users/apple/.m2/repository/commons-configuration/commons-configuration/1.6/commons-configuration-1.6.jar:/Users/apple/.m2/repository/commons-digester/commons-digester/1.8/commons-digester-1.8.jar:/Users/apple/.m2/repository/commons-beanutils/commons-beanutils/1.7.0/commons-beanutils-1.7.0.jar:/Users/apple/.m2/repository/commons-beanutils/commons-beanutils-core/1.8.0/commons-beanutils-core-1.8.0.jar:/Users/apple/.m2/repository/org/slf4j/slf4j-api/1.7.10/slf4j-api-1.7.10.jar:/Users/apple/.m2/repository/org/slf4j/slf4j-log4j12/1.7.10/slf4j-log4j12-1.7.10.jar:/Users/apple/.m2/repository/org/codehaus/jackson/jackson-core-asl/1.9.13/jackson-core-asl-1.9.13.jar:/Users/apple/.m2/repository/org/apache/avro/avro/1.7.4/avro-1.7.4.jar:/Users/apple/.m2/repository/com/thoughtworks/paranamer/paranamer/2.3/paranamer-2.3.jar:/Users/apple/.m2/repository/org/xerial/snappy/snappy-java/1.0.4.1/snappy-java-1.0.4.1.jar:/Users/apple/.m2/repository/com/google/code/gson/gson/2.2.4/gson-2.2.4.jar:/Users/apple/.m2/repository/org/apache/curator/curator-client/2.7.1/curator-client-2.7.1.jar:/Users/apple/.m2/repository/org/apache/curator/curator-recipes/2.7.1/curator-recipes-2.7.1.jar:/Users/apple/.m2/repository/org/apache/curator/curator-framework/2.7.1/curator-framework-2.7.1.jar:/Users/apple/.m2/repository/com/google/code/findbugs/jsr305/3.0.0/jsr305-3.0.0.jar:/Users/apple/.m2/repository/org/apache/commons/commons-compress/1.4.1/commons-compress-1.4.1.jar:/Users/apple/.m2/repository/org/tukaani/xz/1.0/xz-1.0.jar:/Users/apple/.m2/repository/org/apache/hadoop/hadoop-hdfs/2.7.1/hadoop-hdfs-2.7.1.jar:/Users/apple/.m2/repository/org/mortbay/jetty/jetty-util/6.1.26/jetty-util-6.1.26.jar:/Users/apple/.m2/repository/xerces/xercesImpl/2.9.1/xercesImpl-2.9.1.jar:/Users/apple/.m2/repository/xml-apis/xml-apis/1.3.04/xml-apis-1.3.04.jar:/Users/apple/.m2/repository/org/fusesource/leveldbjni/leveldbjni-all/1.8/leveldbjni-all-1.8.jar:/Users/apple/.m2/repository/org/apache/hadoop/hadoop-mapreduce-client-app/2.7.1/hadoop-mapreduce-client-app-2.7.1.jar:/Users/apple/.m2/repository/org/apache/hadoop/hadoop-mapreduce-client-common/2.7.1/hadoop-mapreduce-client-common-2.7.1.jar:/Users/apple/.m2/repository/org/apache/hadoop/hadoop-yarn-client/2.7.1/hadoop-yarn-client-2.7.1.jar:/Users/apple/.m2/repository/org/apache/hadoop/hadoop-yarn-server-common/2.7.1/hadoop-yarn-server-common-2.7.1.jar:/Users/apple/.m2/repository/org/apache/hadoop/hadoop-mapreduce-client-shuffle/2.7.1/hadoop-mapreduce-client-shuffle-2.7.1.jar:/Users/apple/.m2/repository/org/apache/hadoop/hadoop-yarn-api/2.7.1/hadoop-yarn-api-2.7.1.jar:/Users/apple/.m2/repository/org/apache/hadoop/hadoop-mapreduce-client-core/2.7.1/hadoop-mapreduce-client-core-2.7.1.jar:/Users/apple/.m2/repository/org/apache/hadoop/hadoop-yarn-common/2.7.1/hadoop-yarn-common-2.7.1.jar:/Users/apple/.m2/repository/javax/xml/bind/jaxb-api/2.2.2/jaxb-api-2.2.2.jar:/Users/apple/.m2/repository/javax/xml/stream/stax-api/1.0-2/stax-api-1.0-2.jar:/Users/apple/.m2/repository/javax/activation/activation/1.1/activation-1.1.jar:/Users/apple/.m2/repository/javax/servlet/servlet-api/2.5/servlet-api-2.5.jar:/Users/apple/.m2/repository/com/sun/jersey/jersey-core/1.9/jersey-core-1.9.jar:/Users/apple/.m2/repository/com/sun/jersey/jersey-client/1.9/jersey-client-1.9.jar:/Users/apple/.m2/repository/org/codehaus/jackson/jackson-jaxrs/1.9.13/jackson-jaxrs-1.9.13.jar:/Users/apple/.m2/repository/org/codehaus/jackson/jackson-xc/1.9.13/jackson-xc-1.9.13.jar:/Users/apple/.m2/repository/org/apache/hadoop/hadoop-mapreduce-client-jobclient/2.7.1/hadoop-mapreduce-client-jobclient-2.7.1.jar:/Users/apple/.m2/repository/org/apache/hadoop/hadoop-annotations/2.7.1/hadoop-annotations-2.7.1.jar:/Users/apple/.m2/repository/org/apache/hbase/hbase-client/1.1.2/hbase-client-1.1.2.jar:/Users/apple/.m2/repository/org/apache/hbase/hbase-annotations/1.1.2/hbase-annotations-1.1.2.jar:/Library/Java/JavaVirtualMachines/jdk1.8.0_65.jdk/Contents/Home/lib/tools.jar:/Users/apple/.m2/repository/org/apache/hbase/hbase-common/1.1.2/hbase-common-1.1.2.jar:/Users/apple/.m2/repository/org/apache/hbase/hbase-protocol/1.1.2/hbase-protocol-1.1.2.jar:/Users/apple/.m2/repository/commons-codec/commons-codec/1.9/commons-codec-1.9.jar:/Users/apple/.m2/repository/commons-io/commons-io/2.4/commons-io-2.4.jar:/Users/apple/.m2/repository/commons-lang/commons-lang/2.6/commons-lang-2.6.jar:/Users/apple/.m2/repository/commons-logging/commons-logging/1.2/commons-logging-1.2.jar:/Users/apple/.m2/repository/com/google/guava/guava/12.0.1/guava-12.0.1.jar:/Users/apple/.m2/repository/com/google/protobuf/protobuf-java/2.5.0/protobuf-java-2.5.0.jar:/Users/apple/.m2/repository/io/netty/netty-all/4.0.23.Final/netty-all-4.0.23.Final.jar:/Users/apple/.m2/repository/org/apache/zookeeper/zookeeper/3.4.6/zookeeper-3.4.6.jar:/Users/apple/.m2/repository/org/apache/htrace/htrace-core/3.1.0-incubating/htrace-core-3.1.0-incubating.jar:/Users/apple/.m2/repository/org/codehaus/jackson/jackson-mapper-asl/1.9.13/jackson-mapper-asl-1.9.13.jar:/Users/apple/.m2/repository/org/jruby/jcodings/jcodings/1.0.8/jcodings-1.0.8.jar:/Users/apple/.m2/repository/org/jruby/joni/joni/2.1.2/joni-2.1.2.jar:/Users/apple/.m2/repository/org/apache/hadoop/hadoop-auth/2.5.1/hadoop-auth-2.5.1.jar:/Users/apple/.m2/repository/org/apache/httpcomponents/httpclient/4.2.5/httpclient-4.2.5.jar:/Users/apple/.m2/repository/org/apache/httpcomponents/httpcore/4.2.4/httpcore-4.2.4.jar:/Users/apple/.m2/repository/org/apache/directory/server/apacheds-kerberos-codec/2.0.0-M15/apacheds-kerberos-codec-2.0.0-M15.jar:/Users/apple/.m2/repository/org/apache/directory/server/apacheds-i18n/2.0.0-M15/apacheds-i18n-2.0.0-M15.jar:/Users/apple/.m2/repository/org/apache/directory/api/api-asn1-api/1.0.0-M20/api-asn1-api-1.0.0-M20.jar:/Users/apple/.m2/repository/org/apache/directory/api/api-util/1.0.0-M20/api-util-1.0.0-M20.jar:/Users/apple/.m2/repository/com/github/stephenc/findbugs/findbugs-annotations/1.3.9-1/findbugs-annotations-1.3.9-1.jar:/Users/apple/.m2/repository/junit/junit/4.11/junit-4.11.jar:/Users/apple/.m2/repository/org/hamcrest/hamcrest-core/1.3/hamcrest-core-1.3.jar
15/11/14 23:51:18 INFO ZooKeeper: Client environment:java.library.path=/Users/apple/Library/Java/Extensions:/Library/Java/Extensions:/Network/Library/Java/Extensions:/System/Library/Java/Extensions:/usr/lib/java:.
15/11/14 23:51:18 INFO ZooKeeper: Client environment:java.io.tmpdir=/var/folders/_7/gl3t7qxn7lsdl0593c9092rh0000gn/T/
15/11/14 23:51:18 INFO ZooKeeper: Client environment:java.compiler=<NA>
15/11/14 23:51:18 INFO ZooKeeper: Client environment:os.name=Mac OS X
15/11/14 23:51:18 INFO ZooKeeper: Client environment:os.arch=x86_64
15/11/14 23:51:18 INFO ZooKeeper: Client environment:os.version=10.11
15/11/14 23:51:18 INFO ZooKeeper: Client environment:user.name=apple
15/11/14 23:51:18 INFO ZooKeeper: Client environment:user.home=/Users/apple
15/11/14 23:51:18 INFO ZooKeeper: Client environment:user.dir=/Users/apple/git/sample-projects/hadoop-maven
15/11/14 23:51:18 INFO ZooKeeper: Initiating client connection, connectString=sandbox.hortonworks.com:2181 sessionTimeout=90000 watcher=hconnection-0x3901d1340x0, quorum=sandbox.hortonworks.com:2181, baseZNode=/hbase
15/11/14 23:51:18 INFO ClientCnxn: Opening socket connection to server sandbox.hortonworks.com/192.168.1.144:2181. Will not attempt to authenticate using SASL (unknown error)
15/11/14 23:51:18 INFO ClientCnxn: Socket connection established to sandbox.hortonworks.com/192.168.1.144:2181, initiating session
15/11/14 23:51:18 INFO ClientCnxn: Session establishment complete on server sandbox.hortonworks.com/192.168.1.144:2181, sessionid = 0x150ef98f6450041, negotiated timeout = 40000
15/11/14 23:51:18 WARN DomainSocketFactory: The short-circuit local reads feature cannot be used because libhadoop cannot be loaded.
15/11/14 23:51:19 INFO ConnectionManager$HConnectionImplementation: Closing zookeeper sessionid=0x150ef98f6450041
15/11/14 23:51:19 INFO ZooKeeper: Session: 0x150ef98f6450041 closed
15/11/14 23:51:19 INFO ClientCnxn: EventThread shut down
15/11/14 23:56:03 WARN NativeCodeLoader: Unable to load native-hadoop library for your platform... using builtin-java classes where applicable
15/11/14 23:56:04 INFO RecoverableZooKeeper: Process identifier=hconnection-0x3901d134 connecting to ZooKeeper ensemble=sandbox.hortonworks.com:2181
15/11/14 23:56:04 INFO ZooKeeper: Client environment:zookeeper.version=3.4.6-1569965, built on 02/20/2014 09:09 GMT
15/11/14 23:56:04 INFO ZooKeeper: Client environment:host.name=appletekiair
15/11/14 23:56:04 INFO ZooKeeper: Client environment:java.version=1.8.0_65
15/11/14 23:56:04 INFO ZooKeeper: Client environment:java.vendor=Oracle Corporation
15/11/14 23:56:04 INFO ZooKeeper: Client environment:java.home=/Library/Java/JavaVirtualMachines/jdk1.8.0_65.jdk/Contents/Home/jre
15/11/14 23:56:04 INFO ZooKeeper: Client environment:java.class.path=/Users/apple/git/sample-projects/hadoop-maven/target/classes:/Users/apple/.m2/repository/org/apache/hadoop/hadoop-client/2.7.1/hadoop-client-2.7.1.jar:/Users/apple/.m2/repository/org/apache/hadoop/hadoop-common/2.7.1/hadoop-common-2.7.1.jar:/Users/apple/.m2/repository/commons-cli/commons-cli/1.2/commons-cli-1.2.jar:/Users/apple/.m2/repository/org/apache/commons/commons-math3/3.1.1/commons-math3-3.1.1.jar:/Users/apple/.m2/repository/xmlenc/xmlenc/0.52/xmlenc-0.52.jar:/Users/apple/.m2/repository/commons-httpclient/commons-httpclient/3.1/commons-httpclient-3.1.jar:/Users/apple/.m2/repository/commons-net/commons-net/3.1/commons-net-3.1.jar:/Users/apple/.m2/repository/commons-collections/commons-collections/3.2.1/commons-collections-3.2.1.jar:/Users/apple/.m2/repository/javax/servlet/jsp/jsp-api/2.1/jsp-api-2.1.jar:/Users/apple/.m2/repository/log4j/log4j/1.2.17/log4j-1.2.17.jar:/Users/apple/.m2/repository/commons-configuration/commons-configuration/1.6/commons-configuration-1.6.jar:/Users/apple/.m2/repository/commons-digester/commons-digester/1.8/commons-digester-1.8.jar:/Users/apple/.m2/repository/commons-beanutils/commons-beanutils/1.7.0/commons-beanutils-1.7.0.jar:/Users/apple/.m2/repository/commons-beanutils/commons-beanutils-core/1.8.0/commons-beanutils-core-1.8.0.jar:/Users/apple/.m2/repository/org/slf4j/slf4j-api/1.7.10/slf4j-api-1.7.10.jar:/Users/apple/.m2/repository/org/slf4j/slf4j-log4j12/1.7.10/slf4j-log4j12-1.7.10.jar:/Users/apple/.m2/repository/org/codehaus/jackson/jackson-core-asl/1.9.13/jackson-core-asl-1.9.13.jar:/Users/apple/.m2/repository/org/apache/avro/avro/1.7.4/avro-1.7.4.jar:/Users/apple/.m2/repository/com/thoughtworks/paranamer/paranamer/2.3/paranamer-2.3.jar:/Users/apple/.m2/repository/org/xerial/snappy/snappy-java/1.0.4.1/snappy-java-1.0.4.1.jar:/Users/apple/.m2/repository/com/google/code/gson/gson/2.2.4/gson-2.2.4.jar:/Users/apple/.m2/repository/org/apache/curator/curator-client/2.7.1/curator-client-2.7.1.jar:/Users/apple/.m2/repository/org/apache/curator/curator-recipes/2.7.1/curator-recipes-2.7.1.jar:/Users/apple/.m2/repository/org/apache/curator/curator-framework/2.7.1/curator-framework-2.7.1.jar:/Users/apple/.m2/repository/com/google/code/findbugs/jsr305/3.0.0/jsr305-3.0.0.jar:/Users/apple/.m2/repository/org/apache/commons/commons-compress/1.4.1/commons-compress-1.4.1.jar:/Users/apple/.m2/repository/org/tukaani/xz/1.0/xz-1.0.jar:/Users/apple/.m2/repository/org/apache/hadoop/hadoop-hdfs/2.7.1/hadoop-hdfs-2.7.1.jar:/Users/apple/.m2/repository/org/mortbay/jetty/jetty-util/6.1.26/jetty-util-6.1.26.jar:/Users/apple/.m2/repository/xerces/xercesImpl/2.9.1/xercesImpl-2.9.1.jar:/Users/apple/.m2/repository/xml-apis/xml-apis/1.3.04/xml-apis-1.3.04.jar:/Users/apple/.m2/repository/org/fusesource/leveldbjni/leveldbjni-all/1.8/leveldbjni-all-1.8.jar:/Users/apple/.m2/repository/org/apache/hadoop/hadoop-mapreduce-client-app/2.7.1/hadoop-mapreduce-client-app-2.7.1.jar:/Users/apple/.m2/repository/org/apache/hadoop/hadoop-mapreduce-client-common/2.7.1/hadoop-mapreduce-client-common-2.7.1.jar:/Users/apple/.m2/repository/org/apache/hadoop/hadoop-yarn-client/2.7.1/hadoop-yarn-client-2.7.1.jar:/Users/apple/.m2/repository/org/apache/hadoop/hadoop-yarn-server-common/2.7.1/hadoop-yarn-server-common-2.7.1.jar:/Users/apple/.m2/repository/org/apache/hadoop/hadoop-mapreduce-client-shuffle/2.7.1/hadoop-mapreduce-client-shuffle-2.7.1.jar:/Users/apple/.m2/repository/org/apache/hadoop/hadoop-yarn-api/2.7.1/hadoop-yarn-api-2.7.1.jar:/Users/apple/.m2/repository/org/apache/hadoop/hadoop-mapreduce-client-core/2.7.1/hadoop-mapreduce-client-core-2.7.1.jar:/Users/apple/.m2/repository/org/apache/hadoop/hadoop-yarn-common/2.7.1/hadoop-yarn-common-2.7.1.jar:/Users/apple/.m2/repository/javax/xml/bind/jaxb-api/2.2.2/jaxb-api-2.2.2.jar:/Users/apple/.m2/repository/javax/xml/stream/stax-api/1.0-2/stax-api-1.0-2.jar:/Users/apple/.m2/repository/javax/activation/activation/1.1/activation-1.1.jar:/Users/apple/.m2/repository/javax/servlet/servlet-api/2.5/servlet-api-2.5.jar:/Users/apple/.m2/repository/com/sun/jersey/jersey-core/1.9/jersey-core-1.9.jar:/Users/apple/.m2/repository/com/sun/jersey/jersey-client/1.9/jersey-client-1.9.jar:/Users/apple/.m2/repository/org/codehaus/jackson/jackson-jaxrs/1.9.13/jackson-jaxrs-1.9.13.jar:/Users/apple/.m2/repository/org/codehaus/jackson/jackson-xc/1.9.13/jackson-xc-1.9.13.jar:/Users/apple/.m2/repository/org/apache/hadoop/hadoop-mapreduce-client-jobclient/2.7.1/hadoop-mapreduce-client-jobclient-2.7.1.jar:/Users/apple/.m2/repository/org/apache/hadoop/hadoop-annotations/2.7.1/hadoop-annotations-2.7.1.jar:/Users/apple/.m2/repository/org/apache/hbase/hbase-client/1.1.2/hbase-client-1.1.2.jar:/Users/apple/.m2/repository/org/apache/hbase/hbase-annotations/1.1.2/hbase-annotations-1.1.2.jar:/Library/Java/JavaVirtualMachines/jdk1.8.0_65.jdk/Contents/Home/lib/tools.jar:/Users/apple/.m2/repository/org/apache/hbase/hbase-common/1.1.2/hbase-common-1.1.2.jar:/Users/apple/.m2/repository/org/apache/hbase/hbase-protocol/1.1.2/hbase-protocol-1.1.2.jar:/Users/apple/.m2/repository/commons-codec/commons-codec/1.9/commons-codec-1.9.jar:/Users/apple/.m2/repository/commons-io/commons-io/2.4/commons-io-2.4.jar:/Users/apple/.m2/repository/commons-lang/commons-lang/2.6/commons-lang-2.6.jar:/Users/apple/.m2/repository/commons-logging/commons-logging/1.2/commons-logging-1.2.jar:/Users/apple/.m2/repository/com/google/guava/guava/12.0.1/guava-12.0.1.jar:/Users/apple/.m2/repository/com/google/protobuf/protobuf-java/2.5.0/protobuf-java-2.5.0.jar:/Users/apple/.m2/repository/io/netty/netty-all/4.0.23.Final/netty-all-4.0.23.Final.jar:/Users/apple/.m2/repository/org/apache/zookeeper/zookeeper/3.4.6/zookeeper-3.4.6.jar:/Users/apple/.m2/repository/org/apache/htrace/htrace-core/3.1.0-incubating/htrace-core-3.1.0-incubating.jar:/Users/apple/.m2/repository/org/codehaus/jackson/jackson-mapper-asl/1.9.13/jackson-mapper-asl-1.9.13.jar:/Users/apple/.m2/repository/org/jruby/jcodings/jcodings/1.0.8/jcodings-1.0.8.jar:/Users/apple/.m2/repository/org/jruby/joni/joni/2.1.2/joni-2.1.2.jar:/Users/apple/.m2/repository/org/apache/hadoop/hadoop-auth/2.5.1/hadoop-auth-2.5.1.jar:/Users/apple/.m2/repository/org/apache/httpcomponents/httpclient/4.2.5/httpclient-4.2.5.jar:/Users/apple/.m2/repository/org/apache/httpcomponents/httpcore/4.2.4/httpcore-4.2.4.jar:/Users/apple/.m2/repository/org/apache/directory/server/apacheds-kerberos-codec/2.0.0-M15/apacheds-kerberos-codec-2.0.0-M15.jar:/Users/apple/.m2/repository/org/apache/directory/server/apacheds-i18n/2.0.0-M15/apacheds-i18n-2.0.0-M15.jar:/Users/apple/.m2/repository/org/apache/directory/api/api-asn1-api/1.0.0-M20/api-asn1-api-1.0.0-M20.jar:/Users/apple/.m2/repository/org/apache/directory/api/api-util/1.0.0-M20/api-util-1.0.0-M20.jar:/Users/apple/.m2/repository/com/github/stephenc/findbugs/findbugs-annotations/1.3.9-1/findbugs-annotations-1.3.9-1.jar:/Users/apple/.m2/repository/junit/junit/4.11/junit-4.11.jar:/Users/apple/.m2/repository/org/hamcrest/hamcrest-core/1.3/hamcrest-core-1.3.jar
15/11/14 23:56:04 INFO ZooKeeper: Client environment:java.library.path=/Users/apple/Library/Java/Extensions:/Library/Java/Extensions:/Network/Library/Java/Extensions:/System/Library/Java/Extensions:/usr/lib/java:.
15/11/14 23:56:04 INFO ZooKeeper: Client environment:java.io.tmpdir=/var/folders/_7/gl3t7qxn7lsdl0593c9092rh0000gn/T/
15/11/14 23:56:04 INFO ZooKeeper: Client environment:java.compiler=<NA>
15/11/14 23:56:04 INFO ZooKeeper: Client environment:os.name=Mac OS X
15/11/14 23:56:04 INFO ZooKeeper: Client environment:os.arch=x86_64
15/11/14 23:56:04 INFO ZooKeeper: Client environment:os.version=10.11
15/11/14 23:56:04 INFO ZooKeeper: Client environment:user.name=apple
15/11/14 23:56:04 INFO ZooKeeper: Client environment:user.home=/Users/apple
15/11/14 23:56:04 INFO ZooKeeper: Client environment:user.dir=/Users/apple/git/sample-projects/hadoop-maven
15/11/14 23:56:04 INFO ZooKeeper: Initiating client connection, connectString=sandbox.hortonworks.com:2181 sessionTimeout=90000 watcher=hconnection-0x3901d1340x0, quorum=sandbox.hortonworks.com:2181, baseZNode=/hbase
15/11/14 23:56:04 INFO ClientCnxn: Opening socket connection to server sandbox.hortonworks.com/192.168.1.144:2181. Will not attempt to authenticate using SASL (unknown error)
15/11/14 23:56:04 INFO ClientCnxn: Socket connection established to sandbox.hortonworks.com/192.168.1.144:2181, initiating session
15/11/14 23:56:04 INFO ClientCnxn: Session establishment complete on server sandbox.hortonworks.com/192.168.1.144:2181, sessionid = 0x150ef98f6450042, negotiated timeout = 40000
15/11/14 23:56:04 WARN DomainSocketFactory: The short-circuit local reads feature cannot be used because libhadoop cannot be loaded.
15/11/14 23:56:05 INFO ConnectionManager$HConnectionImplementation: Closing zookeeper sessionid=0x150ef98f6450042
15/11/14 23:56:05 INFO ZooKeeper: Session: 0x150ef98f6450042 closed
15/11/14 23:56:05 INFO ClientCnxn: EventThread shut down
15/11/15 00:03:09 WARN NativeCodeLoader: Unable to load native-hadoop library for your platform... using builtin-java classes where applicable
15/11/15 00:03:09 INFO RecoverableZooKeeper: Process identifier=hconnection-0x3901d134 connecting to ZooKeeper ensemble=sandbox.hortonworks.com:2181
15/11/15 00:03:09 INFO ZooKeeper: Client environment:zookeeper.version=3.4.6-1569965, built on 02/20/2014 09:09 GMT
15/11/15 00:03:09 INFO ZooKeeper: Client environment:host.name=appletekiair
15/11/15 00:03:09 INFO ZooKeeper: Client environment:java.version=1.8.0_65
15/11/15 00:03:09 INFO ZooKeeper: Client environment:java.vendor=Oracle Corporation
15/11/15 00:03:09 INFO ZooKeeper: Client environment:java.home=/Library/Java/JavaVirtualMachines/jdk1.8.0_65.jdk/Contents/Home/jre
15/11/15 00:03:09 INFO ZooKeeper: Client environment:java.class.path=/Users/apple/git/sample-projects/hadoop-maven/target/classes:/Users/apple/.m2/repository/org/apache/hadoop/hadoop-client/2.7.1/hadoop-client-2.7.1.jar:/Users/apple/.m2/repository/org/apache/hadoop/hadoop-common/2.7.1/hadoop-common-2.7.1.jar:/Users/apple/.m2/repository/commons-cli/commons-cli/1.2/commons-cli-1.2.jar:/Users/apple/.m2/repository/org/apache/commons/commons-math3/3.1.1/commons-math3-3.1.1.jar:/Users/apple/.m2/repository/xmlenc/xmlenc/0.52/xmlenc-0.52.jar:/Users/apple/.m2/repository/commons-httpclient/commons-httpclient/3.1/commons-httpclient-3.1.jar:/Users/apple/.m2/repository/commons-net/commons-net/3.1/commons-net-3.1.jar:/Users/apple/.m2/repository/commons-collections/commons-collections/3.2.1/commons-collections-3.2.1.jar:/Users/apple/.m2/repository/javax/servlet/jsp/jsp-api/2.1/jsp-api-2.1.jar:/Users/apple/.m2/repository/log4j/log4j/1.2.17/log4j-1.2.17.jar:/Users/apple/.m2/repository/commons-configuration/commons-configuration/1.6/commons-configuration-1.6.jar:/Users/apple/.m2/repository/commons-digester/commons-digester/1.8/commons-digester-1.8.jar:/Users/apple/.m2/repository/commons-beanutils/commons-beanutils/1.7.0/commons-beanutils-1.7.0.jar:/Users/apple/.m2/repository/commons-beanutils/commons-beanutils-core/1.8.0/commons-beanutils-core-1.8.0.jar:/Users/apple/.m2/repository/org/slf4j/slf4j-api/1.7.10/slf4j-api-1.7.10.jar:/Users/apple/.m2/repository/org/slf4j/slf4j-log4j12/1.7.10/slf4j-log4j12-1.7.10.jar:/Users/apple/.m2/repository/org/codehaus/jackson/jackson-core-asl/1.9.13/jackson-core-asl-1.9.13.jar:/Users/apple/.m2/repository/org/apache/avro/avro/1.7.4/avro-1.7.4.jar:/Users/apple/.m2/repository/com/thoughtworks/paranamer/paranamer/2.3/paranamer-2.3.jar:/Users/apple/.m2/repository/org/xerial/snappy/snappy-java/1.0.4.1/snappy-java-1.0.4.1.jar:/Users/apple/.m2/repository/com/google/code/gson/gson/2.2.4/gson-2.2.4.jar:/Users/apple/.m2/repository/org/apache/curator/curator-client/2.7.1/curator-client-2.7.1.jar:/Users/apple/.m2/repository/org/apache/curator/curator-recipes/2.7.1/curator-recipes-2.7.1.jar:/Users/apple/.m2/repository/org/apache/curator/curator-framework/2.7.1/curator-framework-2.7.1.jar:/Users/apple/.m2/repository/com/google/code/findbugs/jsr305/3.0.0/jsr305-3.0.0.jar:/Users/apple/.m2/repository/org/apache/commons/commons-compress/1.4.1/commons-compress-1.4.1.jar:/Users/apple/.m2/repository/org/tukaani/xz/1.0/xz-1.0.jar:/Users/apple/.m2/repository/org/apache/hadoop/hadoop-hdfs/2.7.1/hadoop-hdfs-2.7.1.jar:/Users/apple/.m2/repository/org/mortbay/jetty/jetty-util/6.1.26/jetty-util-6.1.26.jar:/Users/apple/.m2/repository/xerces/xercesImpl/2.9.1/xercesImpl-2.9.1.jar:/Users/apple/.m2/repository/xml-apis/xml-apis/1.3.04/xml-apis-1.3.04.jar:/Users/apple/.m2/repository/org/fusesource/leveldbjni/leveldbjni-all/1.8/leveldbjni-all-1.8.jar:/Users/apple/.m2/repository/org/apache/hadoop/hadoop-mapreduce-client-app/2.7.1/hadoop-mapreduce-client-app-2.7.1.jar:/Users/apple/.m2/repository/org/apache/hadoop/hadoop-mapreduce-client-common/2.7.1/hadoop-mapreduce-client-common-2.7.1.jar:/Users/apple/.m2/repository/org/apache/hadoop/hadoop-yarn-client/2.7.1/hadoop-yarn-client-2.7.1.jar:/Users/apple/.m2/repository/org/apache/hadoop/hadoop-yarn-server-common/2.7.1/hadoop-yarn-server-common-2.7.1.jar:/Users/apple/.m2/repository/org/apache/hadoop/hadoop-mapreduce-client-shuffle/2.7.1/hadoop-mapreduce-client-shuffle-2.7.1.jar:/Users/apple/.m2/repository/org/apache/hadoop/hadoop-yarn-api/2.7.1/hadoop-yarn-api-2.7.1.jar:/Users/apple/.m2/repository/org/apache/hadoop/hadoop-mapreduce-client-core/2.7.1/hadoop-mapreduce-client-core-2.7.1.jar:/Users/apple/.m2/repository/org/apache/hadoop/hadoop-yarn-common/2.7.1/hadoop-yarn-common-2.7.1.jar:/Users/apple/.m2/repository/javax/xml/bind/jaxb-api/2.2.2/jaxb-api-2.2.2.jar:/Users/apple/.m2/repository/javax/xml/stream/stax-api/1.0-2/stax-api-1.0-2.jar:/Users/apple/.m2/repository/javax/activation/activation/1.1/activation-1.1.jar:/Users/apple/.m2/repository/javax/servlet/servlet-api/2.5/servlet-api-2.5.jar:/Users/apple/.m2/repository/com/sun/jersey/jersey-core/1.9/jersey-core-1.9.jar:/Users/apple/.m2/repository/com/sun/jersey/jersey-client/1.9/jersey-client-1.9.jar:/Users/apple/.m2/repository/org/codehaus/jackson/jackson-jaxrs/1.9.13/jackson-jaxrs-1.9.13.jar:/Users/apple/.m2/repository/org/codehaus/jackson/jackson-xc/1.9.13/jackson-xc-1.9.13.jar:/Users/apple/.m2/repository/org/apache/hadoop/hadoop-mapreduce-client-jobclient/2.7.1/hadoop-mapreduce-client-jobclient-2.7.1.jar:/Users/apple/.m2/repository/org/apache/hadoop/hadoop-annotations/2.7.1/hadoop-annotations-2.7.1.jar:/Users/apple/.m2/repository/org/apache/hbase/hbase-client/1.1.2/hbase-client-1.1.2.jar:/Users/apple/.m2/repository/org/apache/hbase/hbase-annotations/1.1.2/hbase-annotations-1.1.2.jar:/Library/Java/JavaVirtualMachines/jdk1.8.0_65.jdk/Contents/Home/lib/tools.jar:/Users/apple/.m2/repository/org/apache/hbase/hbase-common/1.1.2/hbase-common-1.1.2.jar:/Users/apple/.m2/repository/org/apache/hbase/hbase-protocol/1.1.2/hbase-protocol-1.1.2.jar:/Users/apple/.m2/repository/commons-codec/commons-codec/1.9/commons-codec-1.9.jar:/Users/apple/.m2/repository/commons-io/commons-io/2.4/commons-io-2.4.jar:/Users/apple/.m2/repository/commons-lang/commons-lang/2.6/commons-lang-2.6.jar:/Users/apple/.m2/repository/commons-logging/commons-logging/1.2/commons-logging-1.2.jar:/Users/apple/.m2/repository/com/google/guava/guava/12.0.1/guava-12.0.1.jar:/Users/apple/.m2/repository/com/google/protobuf/protobuf-java/2.5.0/protobuf-java-2.5.0.jar:/Users/apple/.m2/repository/io/netty/netty-all/4.0.23.Final/netty-all-4.0.23.Final.jar:/Users/apple/.m2/repository/org/apache/zookeeper/zookeeper/3.4.6/zookeeper-3.4.6.jar:/Users/apple/.m2/repository/org/apache/htrace/htrace-core/3.1.0-incubating/htrace-core-3.1.0-incubating.jar:/Users/apple/.m2/repository/org/codehaus/jackson/jackson-mapper-asl/1.9.13/jackson-mapper-asl-1.9.13.jar:/Users/apple/.m2/repository/org/jruby/jcodings/jcodings/1.0.8/jcodings-1.0.8.jar:/Users/apple/.m2/repository/org/jruby/joni/joni/2.1.2/joni-2.1.2.jar:/Users/apple/.m2/repository/org/apache/hadoop/hadoop-auth/2.5.1/hadoop-auth-2.5.1.jar:/Users/apple/.m2/repository/org/apache/httpcomponents/httpclient/4.2.5/httpclient-4.2.5.jar:/Users/apple/.m2/repository/org/apache/httpcomponents/httpcore/4.2.4/httpcore-4.2.4.jar:/Users/apple/.m2/repository/org/apache/directory/server/apacheds-kerberos-codec/2.0.0-M15/apacheds-kerberos-codec-2.0.0-M15.jar:/Users/apple/.m2/repository/org/apache/directory/server/apacheds-i18n/2.0.0-M15/apacheds-i18n-2.0.0-M15.jar:/Users/apple/.m2/repository/org/apache/directory/api/api-asn1-api/1.0.0-M20/api-asn1-api-1.0.0-M20.jar:/Users/apple/.m2/repository/org/apache/directory/api/api-util/1.0.0-M20/api-util-1.0.0-M20.jar:/Users/apple/.m2/repository/com/github/stephenc/findbugs/findbugs-annotations/1.3.9-1/findbugs-annotations-1.3.9-1.jar:/Users/apple/.m2/repository/junit/junit/4.11/junit-4.11.jar:/Users/apple/.m2/repository/org/hamcrest/hamcrest-core/1.3/hamcrest-core-1.3.jar
15/11/15 00:03:09 INFO ZooKeeper: Client environment:java.library.path=/Users/apple/Library/Java/Extensions:/Library/Java/Extensions:/Network/Library/Java/Extensions:/System/Library/Java/Extensions:/usr/lib/java:.
15/11/15 00:03:09 INFO ZooKeeper: Client environment:java.io.tmpdir=/var/folders/_7/gl3t7qxn7lsdl0593c9092rh0000gn/T/
15/11/15 00:03:09 INFO ZooKeeper: Client environment:java.compiler=<NA>
15/11/15 00:03:09 INFO ZooKeeper: Client environment:os.name=Mac OS X
15/11/15 00:03:09 INFO ZooKeeper: Client environment:os.arch=x86_64
15/11/15 00:03:09 INFO ZooKeeper: Client environment:os.version=10.11
15/11/15 00:03:09 INFO ZooKeeper: Client environment:user.name=apple
15/11/15 00:03:09 INFO ZooKeeper: Client environment:user.home=/Users/apple
15/11/15 00:03:09 INFO ZooKeeper: Client environment:user.dir=/Users/apple/git/sample-projects/hadoop-maven
15/11/15 00:03:09 INFO ZooKeeper: Initiating client connection, connectString=sandbox.hortonworks.com:2181 sessionTimeout=90000 watcher=hconnection-0x3901d1340x0, quorum=sandbox.hortonworks.com:2181, baseZNode=/hbase
15/11/15 00:03:09 INFO ClientCnxn: Opening socket connection to server sandbox.hortonworks.com/192.168.1.144:2181. Will not attempt to authenticate using SASL (unknown error)
15/11/15 00:03:10 INFO ClientCnxn: Socket connection established to sandbox.hortonworks.com/192.168.1.144:2181, initiating session
15/11/15 00:03:10 INFO ClientCnxn: Session establishment complete on server sandbox.hortonworks.com/192.168.1.144:2181, sessionid = 0x150ef98f6450043, negotiated timeout = 40000
15/11/15 00:03:11 WARN DomainSocketFactory: The short-circuit local reads feature cannot be used because libhadoop cannot be loaded.
15/11/15 00:03:11 INFO ConnectionManager$HConnectionImplementation: Closing zookeeper sessionid=0x150ef98f6450043
15/11/15 00:03:11 INFO ZooKeeper: Session: 0x150ef98f6450043 closed
15/11/15 00:03:11 INFO ClientCnxn: EventThread shut down
15/11/15 00:08:00 WARN NativeCodeLoader: Unable to load native-hadoop library for your platform... using builtin-java classes where applicable
15/11/15 00:08:00 INFO RecoverableZooKeeper: Process identifier=hconnection-0x3901d134 connecting to ZooKeeper ensemble=sandbox.hortonworks.com:2181
15/11/15 00:08:00 INFO ZooKeeper: Client environment:zookeeper.version=3.4.6-1569965, built on 02/20/2014 09:09 GMT
15/11/15 00:08:00 INFO ZooKeeper: Client environment:host.name=appletekiair
15/11/15 00:08:00 INFO ZooKeeper: Client environment:java.version=1.8.0_65
15/11/15 00:08:00 INFO ZooKeeper: Client environment:java.vendor=Oracle Corporation
15/11/15 00:08:00 INFO ZooKeeper: Client environment:java.home=/Library/Java/JavaVirtualMachines/jdk1.8.0_65.jdk/Contents/Home/jre
15/11/15 00:08:00 INFO ZooKeeper: Client environment:java.class.path=/Users/apple/git/sample-projects/hadoop-maven/target/classes:/Users/apple/.m2/repository/org/apache/hadoop/hadoop-client/2.7.1/hadoop-client-2.7.1.jar:/Users/apple/.m2/repository/org/apache/hadoop/hadoop-common/2.7.1/hadoop-common-2.7.1.jar:/Users/apple/.m2/repository/commons-cli/commons-cli/1.2/commons-cli-1.2.jar:/Users/apple/.m2/repository/org/apache/commons/commons-math3/3.1.1/commons-math3-3.1.1.jar:/Users/apple/.m2/repository/xmlenc/xmlenc/0.52/xmlenc-0.52.jar:/Users/apple/.m2/repository/commons-httpclient/commons-httpclient/3.1/commons-httpclient-3.1.jar:/Users/apple/.m2/repository/commons-net/commons-net/3.1/commons-net-3.1.jar:/Users/apple/.m2/repository/commons-collections/commons-collections/3.2.1/commons-collections-3.2.1.jar:/Users/apple/.m2/repository/javax/servlet/jsp/jsp-api/2.1/jsp-api-2.1.jar:/Users/apple/.m2/repository/log4j/log4j/1.2.17/log4j-1.2.17.jar:/Users/apple/.m2/repository/commons-configuration/commons-configuration/1.6/commons-configuration-1.6.jar:/Users/apple/.m2/repository/commons-digester/commons-digester/1.8/commons-digester-1.8.jar:/Users/apple/.m2/repository/commons-beanutils/commons-beanutils/1.7.0/commons-beanutils-1.7.0.jar:/Users/apple/.m2/repository/commons-beanutils/commons-beanutils-core/1.8.0/commons-beanutils-core-1.8.0.jar:/Users/apple/.m2/repository/org/slf4j/slf4j-api/1.7.10/slf4j-api-1.7.10.jar:/Users/apple/.m2/repository/org/slf4j/slf4j-log4j12/1.7.10/slf4j-log4j12-1.7.10.jar:/Users/apple/.m2/repository/org/codehaus/jackson/jackson-core-asl/1.9.13/jackson-core-asl-1.9.13.jar:/Users/apple/.m2/repository/org/apache/avro/avro/1.7.4/avro-1.7.4.jar:/Users/apple/.m2/repository/com/thoughtworks/paranamer/paranamer/2.3/paranamer-2.3.jar:/Users/apple/.m2/repository/org/xerial/snappy/snappy-java/1.0.4.1/snappy-java-1.0.4.1.jar:/Users/apple/.m2/repository/com/google/code/gson/gson/2.2.4/gson-2.2.4.jar:/Users/apple/.m2/repository/org/apache/curator/curator-client/2.7.1/curator-client-2.7.1.jar:/Users/apple/.m2/repository/org/apache/curator/curator-recipes/2.7.1/curator-recipes-2.7.1.jar:/Users/apple/.m2/repository/org/apache/curator/curator-framework/2.7.1/curator-framework-2.7.1.jar:/Users/apple/.m2/repository/com/google/code/findbugs/jsr305/3.0.0/jsr305-3.0.0.jar:/Users/apple/.m2/repository/org/apache/commons/commons-compress/1.4.1/commons-compress-1.4.1.jar:/Users/apple/.m2/repository/org/tukaani/xz/1.0/xz-1.0.jar:/Users/apple/.m2/repository/org/apache/hadoop/hadoop-hdfs/2.7.1/hadoop-hdfs-2.7.1.jar:/Users/apple/.m2/repository/org/mortbay/jetty/jetty-util/6.1.26/jetty-util-6.1.26.jar:/Users/apple/.m2/repository/xerces/xercesImpl/2.9.1/xercesImpl-2.9.1.jar:/Users/apple/.m2/repository/xml-apis/xml-apis/1.3.04/xml-apis-1.3.04.jar:/Users/apple/.m2/repository/org/fusesource/leveldbjni/leveldbjni-all/1.8/leveldbjni-all-1.8.jar:/Users/apple/.m2/repository/org/apache/hadoop/hadoop-mapreduce-client-app/2.7.1/hadoop-mapreduce-client-app-2.7.1.jar:/Users/apple/.m2/repository/org/apache/hadoop/hadoop-mapreduce-client-common/2.7.1/hadoop-mapreduce-client-common-2.7.1.jar:/Users/apple/.m2/repository/org/apache/hadoop/hadoop-yarn-client/2.7.1/hadoop-yarn-client-2.7.1.jar:/Users/apple/.m2/repository/org/apache/hadoop/hadoop-yarn-server-common/2.7.1/hadoop-yarn-server-common-2.7.1.jar:/Users/apple/.m2/repository/org/apache/hadoop/hadoop-mapreduce-client-shuffle/2.7.1/hadoop-mapreduce-client-shuffle-2.7.1.jar:/Users/apple/.m2/repository/org/apache/hadoop/hadoop-yarn-api/2.7.1/hadoop-yarn-api-2.7.1.jar:/Users/apple/.m2/repository/org/apache/hadoop/hadoop-mapreduce-client-core/2.7.1/hadoop-mapreduce-client-core-2.7.1.jar:/Users/apple/.m2/repository/org/apache/hadoop/hadoop-yarn-common/2.7.1/hadoop-yarn-common-2.7.1.jar:/Users/apple/.m2/repository/javax/xml/bind/jaxb-api/2.2.2/jaxb-api-2.2.2.jar:/Users/apple/.m2/repository/javax/xml/stream/stax-api/1.0-2/stax-api-1.0-2.jar:/Users/apple/.m2/repository/javax/activation/activation/1.1/activation-1.1.jar:/Users/apple/.m2/repository/javax/servlet/servlet-api/2.5/servlet-api-2.5.jar:/Users/apple/.m2/repository/com/sun/jersey/jersey-core/1.9/jersey-core-1.9.jar:/Users/apple/.m2/repository/com/sun/jersey/jersey-client/1.9/jersey-client-1.9.jar:/Users/apple/.m2/repository/org/codehaus/jackson/jackson-jaxrs/1.9.13/jackson-jaxrs-1.9.13.jar:/Users/apple/.m2/repository/org/codehaus/jackson/jackson-xc/1.9.13/jackson-xc-1.9.13.jar:/Users/apple/.m2/repository/org/apache/hadoop/hadoop-mapreduce-client-jobclient/2.7.1/hadoop-mapreduce-client-jobclient-2.7.1.jar:/Users/apple/.m2/repository/org/apache/hadoop/hadoop-annotations/2.7.1/hadoop-annotations-2.7.1.jar:/Users/apple/.m2/repository/org/apache/hbase/hbase-client/1.1.2/hbase-client-1.1.2.jar:/Users/apple/.m2/repository/org/apache/hbase/hbase-annotations/1.1.2/hbase-annotations-1.1.2.jar:/Library/Java/JavaVirtualMachines/jdk1.8.0_65.jdk/Contents/Home/lib/tools.jar:/Users/apple/.m2/repository/org/apache/hbase/hbase-common/1.1.2/hbase-common-1.1.2.jar:/Users/apple/.m2/repository/org/apache/hbase/hbase-protocol/1.1.2/hbase-protocol-1.1.2.jar:/Users/apple/.m2/repository/commons-codec/commons-codec/1.9/commons-codec-1.9.jar:/Users/apple/.m2/repository/commons-io/commons-io/2.4/commons-io-2.4.jar:/Users/apple/.m2/repository/commons-lang/commons-lang/2.6/commons-lang-2.6.jar:/Users/apple/.m2/repository/commons-logging/commons-logging/1.2/commons-logging-1.2.jar:/Users/apple/.m2/repository/com/google/guava/guava/12.0.1/guava-12.0.1.jar:/Users/apple/.m2/repository/com/google/protobuf/protobuf-java/2.5.0/protobuf-java-2.5.0.jar:/Users/apple/.m2/repository/io/netty/netty-all/4.0.23.Final/netty-all-4.0.23.Final.jar:/Users/apple/.m2/repository/org/apache/zookeeper/zookeeper/3.4.6/zookeeper-3.4.6.jar:/Users/apple/.m2/repository/org/apache/htrace/htrace-core/3.1.0-incubating/htrace-core-3.1.0-incubating.jar:/Users/apple/.m2/repository/org/codehaus/jackson/jackson-mapper-asl/1.9.13/jackson-mapper-asl-1.9.13.jar:/Users/apple/.m2/repository/org/jruby/jcodings/jcodings/1.0.8/jcodings-1.0.8.jar:/Users/apple/.m2/repository/org/jruby/joni/joni/2.1.2/joni-2.1.2.jar:/Users/apple/.m2/repository/org/apache/hadoop/hadoop-auth/2.5.1/hadoop-auth-2.5.1.jar:/Users/apple/.m2/repository/org/apache/httpcomponents/httpclient/4.2.5/httpclient-4.2.5.jar:/Users/apple/.m2/repository/org/apache/httpcomponents/httpcore/4.2.4/httpcore-4.2.4.jar:/Users/apple/.m2/repository/org/apache/directory/server/apacheds-kerberos-codec/2.0.0-M15/apacheds-kerberos-codec-2.0.0-M15.jar:/Users/apple/.m2/repository/org/apache/directory/server/apacheds-i18n/2.0.0-M15/apacheds-i18n-2.0.0-M15.jar:/Users/apple/.m2/repository/org/apache/directory/api/api-asn1-api/1.0.0-M20/api-asn1-api-1.0.0-M20.jar:/Users/apple/.m2/repository/org/apache/directory/api/api-util/1.0.0-M20/api-util-1.0.0-M20.jar:/Users/apple/.m2/repository/com/github/stephenc/findbugs/findbugs-annotations/1.3.9-1/findbugs-annotations-1.3.9-1.jar:/Users/apple/.m2/repository/junit/junit/4.11/junit-4.11.jar:/Users/apple/.m2/repository/org/hamcrest/hamcrest-core/1.3/hamcrest-core-1.3.jar
15/11/15 00:08:00 INFO ZooKeeper: Client environment:java.library.path=/Users/apple/Library/Java/Extensions:/Library/Java/Extensions:/Network/Library/Java/Extensions:/System/Library/Java/Extensions:/usr/lib/java:.
15/11/15 00:08:00 INFO ZooKeeper: Client environment:java.io.tmpdir=/var/folders/_7/gl3t7qxn7lsdl0593c9092rh0000gn/T/
15/11/15 00:08:00 INFO ZooKeeper: Client environment:java.compiler=<NA>
15/11/15 00:08:00 INFO ZooKeeper: Client environment:os.name=Mac OS X
15/11/15 00:08:00 INFO ZooKeeper: Client environment:os.arch=x86_64
15/11/15 00:08:00 INFO ZooKeeper: Client environment:os.version=10.11
15/11/15 00:08:00 INFO ZooKeeper: Client environment:user.name=apple
15/11/15 00:08:00 INFO ZooKeeper: Client environment:user.home=/Users/apple
15/11/15 00:08:00 INFO ZooKeeper: Client environment:user.dir=/Users/apple/git/sample-projects/hadoop-maven
15/11/15 00:08:00 INFO ZooKeeper: Initiating client connection, connectString=sandbox.hortonworks.com:2181 sessionTimeout=90000 watcher=hconnection-0x3901d1340x0, quorum=sandbox.hortonworks.com:2181, baseZNode=/hbase
15/11/15 00:08:00 INFO ClientCnxn: Opening socket connection to server sandbox.hortonworks.com/192.168.1.144:2181. Will not attempt to authenticate using SASL (unknown error)
15/11/15 00:08:01 INFO ClientCnxn: Socket connection established to sandbox.hortonworks.com/192.168.1.144:2181, initiating session
15/11/15 00:08:01 INFO ClientCnxn: Session establishment complete on server sandbox.hortonworks.com/192.168.1.144:2181, sessionid = 0x150ef98f6450044, negotiated timeout = 40000
15/11/15 00:08:01 WARN DomainSocketFactory: The short-circuit local reads feature cannot be used because libhadoop cannot be loaded.
15/11/15 00:08:02 INFO ConnectionManager$HConnectionImplementation: Closing zookeeper sessionid=0x150ef98f6450044
15/11/15 00:08:02 INFO ZooKeeper: Session: 0x150ef98f6450044 closed
15/11/15 00:08:02 INFO ClientCnxn: EventThread shut down
